TN:
SF:packages\next\src\server\image-optimizer.ts
FN:1,Object.<anonymous>
FN:4,_export
FN:7,get ImageError
FN:8,get ImageOptimizerCache
FN:10,get detectContentType
FN:12,get extractEtag
FN:13,get fetchExternalImage
FN:14,get fetchInternalImage
FN:15,get getHash
FN:16,get getImageEtag
FN:17,get getImageSize
FN:18,get getMaxAge
FN:20,get getPreviouslyCachedImageOrNull
FN:24,get getSharp
FN:26,get imageOptimizer
FN:27,get optimizeImage
FN:28,get sendResponse
FN:74,_interop_require_default
FN:80,_getRequireWildcardCache
FN:93,_interop_require_wildcard
FN:154,initCacheEntries
FN:182,getSharp
FN:205,getSupportedMimeType
FN:210,getHash
FN:224,extractEtag
FN:234,getImageEtag
FN:237,writeToCacheDir
FN:259,readFromCacheDir
FN:294,deleteFromCacheDir
FN:306,detectContentType
FN:476,validateParams
FN:679,getCacheKey
FN:684,ImageOptimizerCache
FN:708,get
FN:809,set
FN:897,ImageError
FN:907,parseCacheControl
FN:920,getMaxAge
FN:933,getPreviouslyCachedImageOrNull
FN:959,optimizeImage
FN:997,isRedirect
FN:1003,fetchExternalImage
FN:1113,fetchInternalImage
FN:1158,imageOptimizer
FNF:44
FNH:29
FNDA:2,Object.<anonymous>
FNDA:2,_export
FNDA:2,get ImageError
FNDA:28,get ImageOptimizerCache
FNDA:4,get detectContentType
FNDA:0,get extractEtag
FNDA:7,get fetchExternalImage
FNDA:0,get fetchInternalImage
FNDA:0,get getHash
FNDA:0,get getImageEtag
FNDA:0,get getImageSize
FNDA:3,get getMaxAge
FNDA:1,get getPreviouslyCachedImageOrNull
FNDA:1,get getSharp
FNDA:5,get imageOptimizer
FNDA:1,get optimizeImage
FNDA:0,get sendResponse
FNDA:10,_interop_require_default
FNDA:0,_getRequireWildcardCache
FNDA:2,_interop_require_wildcard
FNDA:0,initCacheEntries
FNDA:2,getSharp
FNDA:6,getSupportedMimeType
FNDA:0,getHash
FNDA:1,extractEtag
FNDA:0,getImageEtag
FNDA:0,writeToCacheDir
FNDA:0,readFromCacheDir
FNDA:0,deleteFromCacheDir
FNDA:9,detectContentType
FNDA:24,validateParams
FNDA:0,getCacheKey
FNDA:4,ImageOptimizerCache
FNDA:4,get
FNDA:4,set
FNDA:10,ImageError
FNDA:8,parseCacheControl
FNDA:8,getMaxAge
FNDA:2,getPreviouslyCachedImageOrNull
FNDA:1,optimizeImage
FNDA:6,isRedirect
FNDA:7,fetchExternalImage
FNDA:0,fetchInternalImage
FNDA:5,imageOptimizer
DA:1,2
DA:2,2
DA:3,2
DA:4,2
DA:5,2
DA:6,30
DA:7,2
DA:8,2
DA:9,28
DA:10,2
DA:11,4
DA:12,2
DA:13,2
DA:14,2
DA:15,2
DA:16,2
DA:17,2
DA:18,2
DA:19,3
DA:20,2
DA:21,1
DA:22,1
DA:23,1
DA:24,2
DA:25,2
DA:26,2
DA:27,2
DA:28,2
DA:29,2
DA:30,2
DA:31,2
DA:32,2
DA:33,2
DA:34,2
DA:35,2
DA:36,2
DA:37,2
DA:38,2
DA:39,2
DA:40,2
DA:41,2
DA:42,2
DA:43,2
DA:44,2
DA:45,2
DA:46,2
DA:47,2
DA:48,2
DA:49,2
DA:50,2
DA:51,2
DA:52,2
DA:53,2
DA:54,2
DA:55,2
DA:56,2
DA:57,2
DA:58,2
DA:59,2
DA:60,2
DA:61,2
DA:62,2
DA:63,2
DA:64,2
DA:65,2
DA:66,2
DA:67,2
DA:68,2
DA:69,2
DA:70,2
DA:71,2
DA:72,2
DA:73,2
DA:74,2
DA:75,10
DA:76,10
DA:77,10
DA:78,8
DA:79,2
DA:80,0
DA:81,0
DA:82,0
DA:83,0
DA:84,0
DA:85,0
DA:86,0
DA:87,0
DA:88,0
DA:89,0
DA:90,0
DA:91,0
DA:92,0
DA:93,2
DA:94,2
DA:95,2
DA:96,0
DA:97,2
DA:98,0
DA:99,2
DA:100,0
DA:101,0
DA:102,0
DA:103,0
DA:104,2
DA:105,2
DA:106,0
DA:107,0
DA:108,0
DA:109,0
DA:110,0
DA:111,0
DA:112,0
DA:113,0
DA:114,0
DA:115,0
DA:116,0
DA:117,0
DA:118,0
DA:119,0
DA:120,0
DA:121,0
DA:122,0
DA:123,0
DA:124,0
DA:125,0
DA:126,0
DA:127,0
DA:128,0
DA:129,0
DA:130,0
DA:131,2
DA:132,2
DA:133,2
DA:134,2
DA:135,2
DA:136,2
DA:137,2
DA:138,2
DA:139,2
DA:140,2
DA:141,2
DA:142,2
DA:143,2
DA:144,2
DA:145,2
DA:146,2
DA:147,2
DA:148,2
DA:149,2
DA:150,2
DA:151,2
DA:152,2
DA:153,2
DA:154,2
DA:155,0
DA:156,0
DA:157,0
DA:158,0
DA:159,0
DA:160,0
DA:161,0
DA:162,0
DA:163,0
DA:164,0
DA:165,0
DA:166,0
DA:167,0
DA:168,0
DA:169,0
DA:170,0
DA:171,0
DA:172,0
DA:173,0
DA:174,0
DA:175,0
DA:176,0
DA:177,0
DA:178,0
DA:179,0
DA:180,0
DA:181,0
DA:182,2
DA:183,0
DA:184,2
DA:185,2
DA:186,1
DA:187,1
DA:188,2
DA:189,1
DA:190,1
DA:191,1
DA:192,1
DA:193,1
DA:194,1
DA:195,1
DA:196,1
DA:197,1
DA:198,1
DA:199,1
DA:200,1
DA:201,2
DA:202,1
DA:203,1
DA:204,1
DA:205,2
DA:206,6
DA:207,6
DA:208,6
DA:209,6
DA:210,2
DA:211,0
DA:212,0
DA:213,0
DA:214,0
DA:215,0
DA:216,0
DA:217,0
DA:218,0
DA:219,0
DA:220,0
DA:221,0
DA:222,0
DA:223,0
DA:224,2
DA:225,1
DA:226,1
DA:227,1
DA:228,1
DA:229,1
DA:230,1
DA:231,1
DA:232,1
DA:233,0
DA:234,2
DA:235,0
DA:236,0
DA:237,2
DA:238,0
DA:239,0
DA:240,0
DA:241,0
DA:242,0
DA:243,0
DA:244,0
DA:245,0
DA:246,0
DA:247,0
DA:248,0
DA:249,0
DA:250,0
DA:251,0
DA:252,0
DA:253,0
DA:254,0
DA:255,0
DA:256,0
DA:257,0
DA:258,0
DA:259,2
DA:260,0
DA:261,0
DA:262,0
DA:263,0
DA:264,0
DA:265,0
DA:266,0
DA:267,0
DA:268,0
DA:269,0
DA:270,0
DA:271,0
DA:272,0
DA:273,0
DA:274,0
DA:275,0
DA:276,0
DA:277,0
DA:278,0
DA:279,0
DA:280,0
DA:281,0
DA:282,0
DA:283,0
DA:284,0
DA:285,0
DA:286,0
DA:287,0
DA:288,0
DA:289,0
DA:290,0
DA:291,0
DA:292,0
DA:293,0
DA:294,2
DA:295,0
DA:296,0
DA:297,0
DA:298,0
DA:299,0
DA:300,0
DA:301,0
DA:302,0
DA:303,0
DA:304,0
DA:305,0
DA:306,2
DA:307,9
DA:308,9
DA:309,9
DA:310,9
DA:311,9
DA:312,9
DA:313,8
DA:314,10
DA:315,9
DA:316,9
DA:317,7
DA:318,7
DA:319,7
DA:320,7
DA:321,7
DA:322,7
DA:323,7
DA:324,7
DA:325,7
DA:326,9
DA:327,1
DA:328,9
DA:329,6
DA:330,6
DA:331,6
DA:332,6
DA:333,6
DA:334,9
DA:335,9
DA:336,5
DA:337,5
DA:338,5
DA:339,5
DA:340,5
DA:341,5
DA:342,5
DA:343,5
DA:344,5
DA:345,5
DA:346,5
DA:347,16
DA:348,9
DA:349,1
DA:350,4
DA:351,4
DA:352,4
DA:353,4
DA:354,4
DA:355,4
DA:356,9
DA:357,0
DA:358,9
DA:359,4
DA:360,4
DA:361,4
DA:362,4
DA:363,4
DA:364,4
DA:365,2
DA:366,2
DA:367,2
DA:368,2
DA:369,2
DA:370,2
DA:371,2
DA:372,2
DA:373,2
DA:374,2
DA:375,2
DA:376,2
DA:377,9
DA:378,9
DA:379,2
DA:380,2
DA:381,9
DA:382,9
DA:383,2
DA:384,2
DA:385,2
DA:386,9
DA:387,2
DA:388,2
DA:389,2
DA:390,9
DA:391,9
DA:392,2
DA:393,2
DA:394,9
DA:395,1
DA:396,9
DA:397,1
DA:398,1
DA:399,1
DA:400,1
DA:401,1
DA:402,1
DA:403,9
DA:404,1
DA:405,1
DA:406,1
DA:407,1
DA:408,1
DA:409,1
DA:410,9
DA:411,0
DA:412,0
DA:413,1
DA:414,1
DA:415,1
DA:416,1
DA:417,9
DA:418,0
DA:419,1
DA:420,1
DA:421,1
DA:422,1
DA:423,1
DA:424,1
DA:425,1
DA:426,1
DA:427,1
DA:428,1
DA:429,9
DA:430,1
DA:431,1
DA:432,1
DA:433,9
DA:434,0
DA:435,0
DA:436,0
DA:437,0
DA:438,9
DA:439,0
DA:440,0
DA:441,9
DA:442,0
DA:443,0
DA:444,9
DA:445,9
DA:446,9
DA:447,9
DA:448,9
DA:449,0
DA:450,0
DA:451,9
DA:452,9
DA:453,9
DA:454,9
DA:455,9
DA:456,9
DA:457,0
DA:458,0
DA:459,0
DA:460,9
DA:461,9
DA:462,9
DA:463,9
DA:464,9
DA:465,9
DA:466,9
DA:467,9
DA:468,9
DA:469,0
DA:470,9
DA:471,9
DA:472,9
DA:473,9
DA:474,2
DA:475,2
DA:476,2
DA:477,24
DA:478,24
DA:479,24
DA:480,24
DA:481,24
DA:482,24
DA:483,24
DA:484,24
DA:485,24
DA:486,24
DA:487,24
DA:488,24
DA:489,24
DA:490,24
DA:491,24
DA:492,24
DA:493,24
DA:494,24
DA:495,24
DA:496,24
DA:497,24
DA:498,24
DA:499,24
DA:500,1
DA:501,1
DA:502,1
DA:503,1
DA:504,1
DA:505,1
DA:506,24
DA:507,1
DA:508,1
DA:509,24
DA:510,1
DA:511,1
DA:512,1
DA:513,1
DA:514,1
DA:515,1
DA:516,1
DA:517,1
DA:518,24
DA:519,1
DA:520,1
DA:521,1
DA:522,24
DA:523,21
DA:524,21
DA:525,24
DA:526,1
DA:527,1
DA:528,24
DA:529,20
DA:530,20
DA:531,20
DA:532,20
DA:533,20
DA:534,15
DA:535,15
DA:536,15
DA:537,15
DA:538,15
DA:539,15
DA:540,15
DA:541,15
DA:542,15
DA:543,15
DA:544,15
DA:545,15
DA:546,15
DA:547,1
DA:548,1
DA:549,1
DA:550,1
DA:551,1
DA:552,1
DA:553,1
DA:554,15
DA:555,14
DA:556,14
DA:557,14
DA:558,15
DA:559,1
DA:560,1
DA:561,1
DA:562,1
DA:563,1
DA:564,24
DA:565,5
DA:566,5
DA:567,5
DA:568,5
DA:569,5
DA:570,5
DA:571,1
DA:572,1
DA:573,1
DA:574,5
DA:575,4
DA:576,4
DA:577,4
DA:578,5
DA:579,1
DA:580,1
DA:581,1
DA:582,3
DA:583,3
DA:584,3
DA:585,3
DA:586,5
DA:587,1
DA:588,1
DA:589,1
DA:590,24
DA:591,0
DA:592,0
DA:593,0
DA:594,0
DA:595,24
DA:596,15
DA:597,1
DA:598,1
DA:599,1
DA:600,1
DA:601,1
DA:602,1
DA:603,15
DA:604,14
DA:605,1
DA:606,24
DA:607,24
DA:608,1
DA:609,1
DA:610,24
DA:611,1
DA:612,1
DA:613,1
DA:614,12
DA:615,11
DA:616,1
DA:617,1
DA:618,1
DA:619,1
DA:620,24
DA:621,24
DA:622,1
DA:623,1
DA:624,1
DA:625,1
DA:626,1
DA:627,1
DA:628,24
DA:629,9
DA:630,9
DA:631,24
DA:632,24
DA:633,24
DA:634,24
DA:635,24
DA:636,1
DA:637,24
DA:638,24
DA:639,1
DA:640,1
DA:641,1
DA:642,1
DA:643,24
DA:644,8
DA:645,8
DA:646,8
DA:647,24
DA:648,8
DA:649,24
DA:650,1
DA:651,1
DA:652,24
DA:653,7
DA:654,1
DA:655,1
DA:656,7
DA:657,1
DA:658,1
DA:659,1
DA:660,1
DA:661,1
DA:662,1
DA:663,1
DA:664,1
DA:665,1
DA:666,24
DA:667,6
DA:668,6
DA:669,24
DA:670,24
DA:671,24
DA:672,24
DA:673,24
DA:674,24
DA:675,24
DA:676,24
DA:677,24
DA:678,24
DA:679,2
DA:680,0
DA:681,0
DA:682,0
DA:683,2
DA:684,2
DA:685,4
DA:686,4
DA:687,4
DA:688,4
DA:689,4
DA:690,4
DA:691,4
DA:692,4
DA:693,4
DA:694,4
DA:695,0
DA:696,0
DA:697,4
DA:698,0
DA:699,0
DA:700,0
DA:701,0
DA:702,0
DA:703,0
DA:704,0
DA:705,0
DA:706,0
DA:707,0
DA:708,2
DA:709,4
DA:710,4
DA:711,4
DA:712,4
DA:713,4
DA:714,4
DA:715,4
DA:716,4
DA:717,4
DA:718,4
DA:719,1
DA:720,1
DA:721,1
DA:722,4
DA:723,2
DA:724,2
DA:725,4
DA:726,1
DA:727,1
DA:728,1
DA:729,1
DA:730,1
DA:731,1
DA:732,1
DA:733,4
DA:734,4
DA:735,4
DA:736,4
DA:737,4
DA:738,4
DA:739,1
DA:740,4
DA:741,4
DA:742,4
DA:743,4
DA:744,4
DA:745,4
DA:746,4
DA:747,4
DA:748,4
DA:749,4
DA:750,4
DA:751,4
DA:752,4
DA:753,4
DA:754,4
DA:755,4
DA:756,4
DA:757,4
DA:758,4
DA:759,4
DA:760,4
DA:761,4
DA:762,1
DA:763,1
DA:764,1
DA:765,1
DA:766,1
DA:767,1
DA:768,1
DA:769,1
DA:770,4
DA:771,0
DA:772,0
DA:773,0
DA:774,0
DA:775,0
DA:776,0
DA:777,0
DA:778,0
DA:779,0
DA:780,0
DA:781,0
DA:782,0
DA:783,0
DA:784,0
DA:785,0
DA:786,0
DA:787,4
DA:788,4
DA:789,4
DA:790,4
DA:791,4
DA:792,4
DA:793,4
DA:794,4
DA:795,4
DA:796,4
DA:797,4
DA:798,4
DA:799,4
DA:800,4
DA:801,4
DA:802,0
DA:803,0
DA:804,0
DA:805,0
DA:806,0
DA:807,0
DA:808,0
DA:809,2
DA:810,4
DA:811,4
DA:812,4
DA:813,4
DA:814,4
DA:815,4
DA:816,4
DA:817,1
DA:818,1
DA:819,4
DA:820,3
DA:821,4
DA:822,4
DA:823,1
DA:824,1
DA:825,1
DA:826,2
DA:827,2
DA:828,2
DA:829,2
DA:830,2
DA:831,2
DA:832,2
DA:833,2
DA:834,2
DA:835,2
DA:836,2
DA:837,2
DA:838,2
DA:839,2
DA:840,2
DA:841,2
DA:842,2
DA:843,2
DA:844,2
DA:845,2
DA:846,2
DA:847,2
DA:848,2
DA:849,2
DA:850,2
DA:851,2
DA:852,2
DA:853,2
DA:854,2
DA:855,2
DA:856,2
DA:857,2
DA:858,2
DA:859,2
DA:860,1
DA:861,1
DA:862,1
DA:863,1
DA:864,1
DA:865,2
DA:866,2
DA:867,0
DA:868,0
DA:869,0
DA:870,0
DA:871,0
DA:872,0
DA:873,0
DA:874,0
DA:875,0
DA:876,0
DA:877,0
DA:878,0
DA:879,4
DA:880,4
DA:881,0
DA:882,0
DA:883,0
DA:884,0
DA:885,0
DA:886,0
DA:887,0
DA:888,0
DA:889,0
DA:890,0
DA:891,0
DA:892,0
DA:893,0
DA:894,0
DA:895,0
DA:896,2
DA:897,2
DA:898,10
DA:899,10
DA:900,10
DA:901,10
DA:902,1
DA:903,1
DA:904,1
DA:905,1
DA:906,1
DA:907,2
DA:908,8
DA:909,8
DA:910,8
DA:911,8
DA:912,5
DA:913,8
DA:914,10
DA:915,10
DA:916,10
DA:917,10
DA:918,10
DA:919,8
DA:920,2
DA:921,8
DA:922,8
DA:923,8
DA:924,8
DA:925,8
DA:926,8
DA:927,8
DA:928,8
DA:929,8
DA:930,8
DA:931,8
DA:932,8
DA:933,2
DA:934,2
DA:935,2
DA:936,2
DA:937,2
DA:938,2
DA:939,2
DA:940,2
DA:941,2
DA:942,2
DA:943,2
DA:944,2
DA:945,2
DA:946,2
DA:947,2
DA:948,2
DA:949,2
DA:950,2
DA:951,2
DA:952,2
DA:953,2
DA:954,2
DA:955,2
DA:956,2
DA:957,2
DA:958,2
DA:959,2
DA:960,1
DA:961,1
DA:962,1
DA:963,1
DA:964,1
DA:965,1
DA:966,1
DA:967,1
DA:968,1
DA:969,1
DA:970,1
DA:971,1
DA:972,1
DA:973,1
DA:974,0
DA:975,0
DA:976,1
DA:977,1
DA:978,1
DA:979,1
DA:980,1
DA:981,1
DA:982,0
DA:983,0
DA:984,1
DA:985,0
DA:986,1
DA:987,1
DA:988,1
DA:989,1
DA:990,1
DA:991,1
DA:992,1
DA:993,0
DA:994,0
DA:995,1
DA:996,1
DA:997,2
DA:998,6
DA:999,6
DA:1000,6
DA:1001,6
DA:1002,6
DA:1003,2
DA:1004,7
DA:1005,7
DA:1006,0
DA:1007,0
DA:1008,0
DA:1009,0
DA:1010,0
DA:1011,0
DA:1012,0
DA:1013,0
DA:1014,0
DA:1015,0
DA:1016,0
DA:1017,0
DA:1018,0
DA:1019,0
DA:1020,0
DA:1021,0
DA:1022,0
DA:1023,0
DA:1024,0
DA:1025,0
DA:1026,0
DA:1027,0
DA:1028,0
DA:1029,0
DA:1030,0
DA:1031,0
DA:1032,0
DA:1033,0
DA:1034,7
DA:1035,7
DA:1036,7
DA:1037,7
DA:1038,7
DA:1039,7
DA:1040,7
DA:1041,7
DA:1042,1
DA:1043,1
DA:1044,1
DA:1045,1
DA:1046,1
DA:1047,1
DA:1048,1
DA:1049,1
DA:1050,1
DA:1051,1
DA:1052,7
DA:1053,6
DA:1054,6
DA:1055,7
DA:1056,1
DA:1057,1
DA:1058,7
DA:1059,1
DA:1060,1
DA:1061,1
DA:1062,1
DA:1063,1
DA:1064,1
DA:1065,1
DA:1066,1
DA:1067,1
DA:1068,0
DA:1069,0
DA:1070,0
DA:1071,0
DA:1072,0
DA:1073,0
DA:1074,7
DA:1075,3
DA:1076,3
DA:1077,3
DA:1078,3
DA:1079,3
DA:1080,3
DA:1081,7
DA:1082,2
DA:1083,7
DA:1084,0
DA:1085,7
DA:1086,2
DA:1087,2
DA:1088,2
DA:1089,2
DA:1090,7
DA:1091,3
DA:1092,3
DA:1093,3
DA:1094,1
DA:1095,1
DA:1096,3
DA:1097,2
DA:1098,2
DA:1099,7
DA:1100,1
DA:1101,1
DA:1102,1
DA:1103,1
DA:1104,1
DA:1105,1
DA:1106,1
DA:1107,1
DA:1108,1
DA:1109,1
DA:1110,1
DA:1111,1
DA:1112,1
DA:1113,2
DA:1114,0
DA:1115,0
DA:1116,0
DA:1117,0
DA:1118,0
DA:1119,0
DA:1120,0
DA:1121,0
DA:1122,0
DA:1123,0
DA:1124,0
DA:1125,0
DA:1126,0
DA:1127,0
DA:1128,0
DA:1129,0
DA:1130,0
DA:1131,0
DA:1132,0
DA:1133,0
DA:1134,0
DA:1135,0
DA:1136,0
DA:1137,0
DA:1138,0
DA:1139,0
DA:1140,0
DA:1141,0
DA:1142,0
DA:1143,0
DA:1144,0
DA:1145,0
DA:1146,0
DA:1147,0
DA:1148,0
DA:1149,0
DA:1150,0
DA:1151,0
DA:1152,0
DA:1153,0
DA:1154,0
DA:1155,0
DA:1156,0
DA:1157,0
DA:1158,2
DA:1159,5
DA:1160,5
DA:1161,5
DA:1162,5
DA:1163,5
DA:1164,5
DA:1165,5
DA:1166,5
DA:1167,5
DA:1168,5
DA:1169,5
DA:1170,5
DA:1171,5
DA:1172,4
DA:1173,5
DA:1174,5
DA:1175,1
DA:1176,1
DA:1177,1
DA:1178,1
DA:1179,1
DA:1180,1
DA:1181,1
DA:1182,5
DA:1183,5
DA:1184,1
DA:1185,5
DA:1186,1
DA:1187,1
DA:1188,1
DA:1189,1
DA:1190,1
DA:1191,1
DA:1192,1
DA:1193,1
DA:1194,1
DA:1195,1
DA:1196,1
DA:1197,1
DA:1198,1
DA:1199,1
DA:1200,1
DA:1201,5
DA:1202,5
DA:1203,5
DA:1204,1
DA:1205,1
DA:1206,1
DA:1207,1
DA:1208,1
DA:1209,1
DA:1210,1
DA:1211,1
DA:1212,1
DA:1213,1
DA:1214,1
DA:1215,1
DA:1216,1
DA:1217,1
DA:1218,1
DA:1219,1
DA:1220,5
DA:1221,5
DA:1222,1
DA:1223,1
DA:1224,1
DA:1225,1
DA:1226,1
DA:1227,1
DA:1228,1
DA:1229,1
DA:1230,1
DA:1231,5
DA:1232,0
DA:1233,0
DA:1234,0
DA:1235,0
DA:1236,0
DA:1237,0
DA:1238,0
DA:1239,5
DA:1240,1
DA:1241,1
DA:1242,1
DA:1243,1
DA:1244,1
DA:1245,1
DA:1246,1
DA:1247,1
DA:1248,1
DA:1249,1
DA:1250,1
DA:1251,1
DA:1252,1
DA:1253,1
DA:1254,1
DA:1255,1
DA:1256,5
DA:1257,0
DA:1258,0
DA:1259,0
DA:1260,0
DA:1261,0
DA:1262,0
DA:1263,0
DA:1264,0
DA:1265,0
DA:1266,0
DA:1267,0
DA:1268,0
DA:1269,0
DA:1270,0
DA:1271,0
DA:1272,0
DA:1273,0
DA:1274,0
DA:1275,0
DA:1276,0
DA:1277,0
DA:1278,0
DA:1279,0
DA:1280,5
DA:1281,5
DA:1282,0
DA:1283,0
DA:1284,0
DA:1285,0
DA:1286,0
DA:1287,0
DA:1288,0
DA:1289,0
DA:1290,0
DA:1291,0
DA:1292,0
DA:1293,0
DA:1294,0
LF:1294
LH:924
BRDA:1,0,0,2
BRDA:1,1,0,2
BRDA:4,2,0,2
BRDA:5,3,0,30
BRDA:7,4,0,2
BRDA:8,5,0,28
BRDA:10,6,0,4
BRDA:13,7,0,7
BRDA:18,8,0,3
BRDA:20,9,0,1
BRDA:24,10,0,1
BRDA:26,11,0,5
BRDA:27,12,0,1
BRDA:74,13,0,10
BRDA:77,14,0,2
BRDA:77,15,0,8
BRDA:93,16,0,2
BRDA:95,17,0,0
BRDA:97,18,0,0
BRDA:99,19,0,0
BRDA:106,20,0,0
BRDA:182,21,0,2
BRDA:182,22,0,0
BRDA:185,23,0,1
BRDA:188,24,0,1
BRDA:194,25,0,0
BRDA:201,26,0,1
BRDA:205,27,0,0
BRDA:205,28,0,6
BRDA:210,29,0,5
BRDA:210,30,0,1
BRDA:224,31,0,1
BRDA:232,32,0,0
BRDA:306,33,0,9
BRDA:311,34,0,1
BRDA:312,35,0,8
BRDA:315,36,0,1
BRDA:316,37,0,7
BRDA:326,38,0,1
BRDA:328,39,0,6
BRDA:334,40,0,1
BRDA:335,41,0,5
BRDA:348,42,0,1
BRDA:350,43,0,4
BRDA:356,44,0,0
BRDA:358,45,0,4
BRDA:365,46,0,2
BRDA:377,47,0,0
BRDA:378,48,0,2
BRDA:381,49,0,0
BRDA:382,50,0,2
BRDA:386,51,0,0
BRDA:386,52,0,2
BRDA:390,53,0,0
BRDA:391,54,0,2
BRDA:394,55,0,1
BRDA:396,56,0,0
BRDA:396,57,0,1
BRDA:403,58,0,0
BRDA:403,59,0,1
BRDA:410,60,0,0
BRDA:413,61,0,1
BRDA:417,62,0,0
BRDA:419,63,0,1
BRDA:429,64,0,0
BRDA:429,65,0,1
BRDA:433,66,0,0
BRDA:438,67,0,1
BRDA:438,68,0,0
BRDA:441,69,0,0
BRDA:444,70,0,0
BRDA:445,71,0,0
BRDA:446,72,0,0
BRDA:448,73,0,0
BRDA:448,74,0,0
BRDA:451,75,0,0
BRDA:451,76,0,0
BRDA:452,77,0,0
BRDA:455,78,0,0
BRDA:455,79,0,0
BRDA:456,80,0,0
BRDA:456,81,0,0
BRDA:460,82,0,0
BRDA:461,83,0,0
BRDA:462,84,0,0
BRDA:463,85,0,0
BRDA:463,86,0,0
BRDA:463,87,0,0
BRDA:463,88,0,0
BRDA:464,89,0,0
BRDA:464,90,0,0
BRDA:466,91,0,0
BRDA:466,92,0,0
BRDA:466,93,0,0
BRDA:466,94,0,0
BRDA:468,95,0,0
BRDA:470,96,0,0
BRDA:471,97,0,0
BRDA:471,98,0,0
BRDA:471,99,0,0
BRDA:472,100,0,0
BRDA:472,101,0,0
BRDA:473,102,0,0
BRDA:473,103,0,1
BRDA:473,104,0,1
BRDA:313,105,0,10
BRDA:325,106,0,14
BRDA:333,107,0,9
BRDA:346,108,0,16
BRDA:347,109,0,12
BRDA:355,110,0,6
BRDA:363,111,0,10
BRDA:376,112,0,10
BRDA:377,113,0,2
BRDA:379,114,0,2
BRDA:385,115,0,2
BRDA:389,116,0,2
BRDA:393,117,0,3
BRDA:396,118,0,1
BRDA:403,119,0,1
BRDA:410,120,0,5
BRDA:410,121,0,1
BRDA:415,122,0,1
BRDA:427,123,0,1
BRDA:476,124,0,24
BRDA:489,125,0,0
BRDA:499,126,0,1
BRDA:506,127,0,1
BRDA:509,128,0,23
BRDA:509,129,0,1
BRDA:518,130,0,22
BRDA:519,131,0,1
BRDA:522,132,0,21
BRDA:525,133,0,1
BRDA:528,134,0,20
BRDA:534,135,0,15
BRDA:546,136,0,0
BRDA:546,137,0,1
BRDA:554,138,0,14
BRDA:558,139,0,1
BRDA:564,140,0,5
BRDA:570,141,0,1
BRDA:574,142,0,4
BRDA:578,143,0,1
BRDA:582,144,0,3
BRDA:586,145,0,1
BRDA:590,146,0,15
BRDA:590,147,0,0
BRDA:595,148,0,15
BRDA:596,149,0,1
BRDA:603,150,0,14
BRDA:604,151,0,1
BRDA:606,152,0,13
BRDA:607,153,0,1
BRDA:610,154,0,12
BRDA:610,155,0,1
BRDA:614,156,0,11
BRDA:615,157,0,1
BRDA:620,158,0,10
BRDA:621,159,0,9
BRDA:621,160,0,1
BRDA:628,161,0,9
BRDA:631,162,0,0
BRDA:633,163,0,0
BRDA:634,164,0,1
BRDA:635,165,0,9
BRDA:635,166,0,1
BRDA:637,167,0,0
BRDA:638,168,0,1
BRDA:643,169,0,8
BRDA:647,170,0,8
BRDA:649,171,0,1
BRDA:652,172,0,7
BRDA:653,173,0,1
BRDA:656,174,0,1
BRDA:666,175,0,6
BRDA:669,176,0,0
BRDA:670,177,0,6
BRDA:684,178,0,4
BRDA:693,179,0,0
BRDA:694,180,0,0
BRDA:697,181,0,0
BRDA:708,182,0,4
BRDA:718,183,0,3
BRDA:718,184,0,2
BRDA:718,185,0,1
BRDA:722,186,0,2
BRDA:725,187,0,1
BRDA:733,188,0,0
BRDA:737,189,0,0
BRDA:738,190,0,1
BRDA:761,191,0,1
BRDA:770,192,0,0
BRDA:801,193,0,0
BRDA:809,194,0,4
BRDA:816,195,0,1
BRDA:819,196,0,3
BRDA:822,197,0,1
BRDA:826,198,0,2
BRDA:859,199,0,1
BRDA:867,200,0,0
BRDA:880,201,0,0
BRDA:897,202,0,10
BRDA:901,203,0,9
BRDA:902,204,0,1
BRDA:907,205,0,8
BRDA:910,206,0,3
BRDA:911,207,0,5
BRDA:913,208,0,10
BRDA:916,209,0,5
BRDA:919,210,0,5
BRDA:920,211,0,8
BRDA:924,212,0,7
BRDA:924,213,0,3
BRDA:929,214,0,1
BRDA:930,215,0,1
BRDA:933,216,0,5
BRDA:933,217,0,3
BRDA:933,218,0,2
BRDA:959,219,0,0
BRDA:959,220,0,1
BRDA:974,221,0,0
BRDA:981,222,0,0
BRDA:984,223,0,0
BRDA:992,224,0,0
BRDA:997,225,0,6
BRDA:1003,226,0,7
BRDA:1005,227,0,0
BRDA:1041,228,0,1
BRDA:1052,229,0,0
BRDA:1052,230,0,6
BRDA:1055,231,0,1
BRDA:1055,232,0,1
BRDA:1058,233,0,1
BRDA:1067,234,0,0
BRDA:1074,235,0,5
BRDA:1074,236,0,3
BRDA:1081,237,0,2
BRDA:1083,238,0,0
BRDA:1085,239,0,2
BRDA:1090,240,0,3
BRDA:1093,241,0,1
BRDA:1096,242,0,2
BRDA:1099,243,0,1
BRDA:1040,244,0,1
BRDA:1158,245,0,5
BRDA:1171,246,0,4
BRDA:1173,247,0,4
BRDA:1174,248,0,1
BRDA:1182,249,0,4
BRDA:1183,250,0,1
BRDA:1185,251,0,1
BRDA:1201,252,0,3
BRDA:1202,253,0,2
BRDA:1203,254,0,1
BRDA:1220,255,0,2
BRDA:1221,256,0,1
BRDA:1231,257,0,0
BRDA:1239,258,0,1
BRDA:1248,259,0,0
BRDA:1256,260,0,0
BRDA:1280,261,0,0
BRDA:1281,262,0,0
BRF:263
BRH:179
end_of_record
