TN:
SF:packages\next\src\lib\create-client-router-filter.ts
FN:1,Object.<anonymous>
FN:4,get
FN:17,createClientRouterFilter
FNF:3
FNH:3
FNDA:1,Object.<anonymous>
FNDA:3,get
FNDA:3,createClientRouterFilter
DA:1,1
DA:2,1
DA:3,1
DA:4,1
DA:5,1
DA:6,1
DA:7,1
DA:8,1
DA:9,1
DA:10,1
DA:11,1
DA:12,1
DA:13,1
DA:14,1
DA:15,1
DA:16,1
DA:17,1
DA:18,3
DA:19,3
DA:20,3
DA:21,3
DA:22,3
DA:23,3
DA:24,6
DA:25,6
DA:26,5
DA:27,1
DA:28,1
DA:29,1
DA:30,1
DA:31,1
DA:32,5
DA:33,5
DA:34,5
DA:35,5
DA:36,5
DA:37,5
DA:38,5
DA:39,5
DA:40,5
DA:41,10
DA:42,10
DA:43,10
DA:44,10
DA:45,5
DA:46,5
DA:47,5
DA:48,5
DA:49,5
DA:50,5
DA:51,5
DA:52,5
DA:53,4
DA:54,6
DA:55,1
DA:56,1
DA:57,3
DA:58,3
DA:59,3
DA:60,3
DA:61,3
DA:62,3
DA:63,3
DA:64,3
DA:65,3
DA:66,3
DA:67,3
DA:68,3
DA:69,3
DA:70,3
DA:71,2
DA:72,2
DA:73,2
DA:74,2
LF:74
LH:74
BRDA:1,0,0,1
BRDA:1,1,0,1
BRDA:4,2,0,3
BRDA:17,3,0,3
BRDA:23,4,0,6
BRDA:25,5,0,5
BRDA:26,6,0,1
BRDA:40,7,0,10
BRDA:44,8,0,5
BRDA:53,9,0,4
BRDA:54,10,0,1
BRDA:68,11,0,1
BRDA:68,12,0,0
BRDA:70,13,0,2
BRDA:68,14,0,3
BRF:15
BRH:14
end_of_record
TN:
SF:packages\next\src\server\image-optimizer.ts
FN:1,Object.<anonymous>
FN:4,_export
FN:7,get ImageError
FN:8,get ImageOptimizerCache
FN:10,get detectContentType
FN:12,get extractEtag
FN:13,get fetchExternalImage
FN:14,get fetchInternalImage
FN:15,get getHash
FN:16,get getImageEtag
FN:17,get getImageSize
FN:18,get getMaxAge
FN:20,get getPreviouslyCachedImageOrNull
FN:24,get getSharp
FN:26,get imageOptimizer
FN:27,get optimizeImage
FN:28,get sendResponse
FN:74,_interop_require_default
FN:80,_getRequireWildcardCache
FN:93,_interop_require_wildcard
FN:154,initCacheEntries
FN:182,getSharp
FN:205,getSupportedMimeType
FN:210,getHash
FN:224,extractEtag
FN:234,getImageEtag
FN:237,writeToCacheDir
FN:259,readFromCacheDir
FN:294,deleteFromCacheDir
FN:306,detectContentType
FN:476,validateParams
FN:679,getCacheKey
FN:684,ImageOptimizerCache
FN:708,get
FN:809,set
FN:897,ImageError
FN:907,parseCacheControl
FN:920,getMaxAge
FN:933,getPreviouslyCachedImageOrNull
FN:959,optimizeImage
FN:997,isRedirect
FN:1003,fetchExternalImage
FN:1113,fetchInternalImage
FN:1158,imageOptimizer
FNF:44
FNH:41
FNDA:5,Object.<anonymous>
FNDA:5,_export
FNDA:2,get ImageError
FNDA:30,get ImageOptimizerCache
FNDA:34,get detectContentType
FNDA:2,get extractEtag
FNDA:12,get fetchExternalImage
FNDA:3,get fetchInternalImage
FNDA:2,get getHash
FNDA:2,get getImageEtag
FNDA:1,get getImageSize
FNDA:3,get getMaxAge
FNDA:1,get getPreviouslyCachedImageOrNull
FNDA:1,get getSharp
FNDA:7,get imageOptimizer
FNDA:4,get optimizeImage
FNDA:3,get sendResponse
FNDA:25,_interop_require_default
FNDA:0,_getRequireWildcardCache
FNDA:5,_interop_require_wildcard
FNDA:2,initCacheEntries
FNDA:9,getSharp
FNDA:6,getSupportedMimeType
FNDA:6,getHash
FNDA:6,extractEtag
FNDA:4,getImageEtag
FNDA:1,writeToCacheDir
FNDA:2,readFromCacheDir
FNDA:0,deleteFromCacheDir
FNDA:41,detectContentType
FNDA:24,validateParams
FNDA:0,getCacheKey
FNDA:6,ImageOptimizerCache
FNDA:5,get
FNDA:6,set
FNDA:15,ImageError
FNDA:10,parseCacheControl
FNDA:10,getMaxAge
FNDA:4,getPreviouslyCachedImageOrNull
FNDA:6,optimizeImage
FNDA:9,isRedirect
FNDA:12,fetchExternalImage
FNDA:3,fetchInternalImage
FNDA:7,imageOptimizer
DA:1,5
DA:2,5
DA:3,5
DA:4,5
DA:5,5
DA:6,75
DA:7,5
DA:8,5
DA:9,30
DA:10,5
DA:11,34
DA:12,5
DA:13,5
DA:14,5
DA:15,5
DA:16,5
DA:17,5
DA:18,5
DA:19,3
DA:20,5
DA:21,1
DA:22,1
DA:23,1
DA:24,5
DA:25,5
DA:26,5
DA:27,5
DA:28,5
DA:29,5
DA:30,5
DA:31,5
DA:32,5
DA:33,5
DA:34,5
DA:35,5
DA:36,5
DA:37,5
DA:38,5
DA:39,5
DA:40,5
DA:41,5
DA:42,5
DA:43,5
DA:44,5
DA:45,5
DA:46,5
DA:47,5
DA:48,5
DA:49,5
DA:50,5
DA:51,5
DA:52,5
DA:53,5
DA:54,5
DA:55,5
DA:56,5
DA:57,5
DA:58,5
DA:59,5
DA:60,5
DA:61,5
DA:62,5
DA:63,5
DA:64,5
DA:65,5
DA:66,5
DA:67,5
DA:68,5
DA:69,5
DA:70,5
DA:71,5
DA:72,5
DA:73,5
DA:74,5
DA:75,25
DA:76,25
DA:77,25
DA:78,20
DA:79,5
DA:80,0
DA:81,0
DA:82,0
DA:83,0
DA:84,0
DA:85,0
DA:86,0
DA:87,0
DA:88,0
DA:89,0
DA:90,0
DA:91,0
DA:92,0
DA:93,5
DA:94,5
DA:95,5
DA:96,0
DA:97,5
DA:98,0
DA:99,5
DA:100,0
DA:101,0
DA:102,0
DA:103,0
DA:104,5
DA:105,5
DA:106,0
DA:107,0
DA:108,0
DA:109,0
DA:110,0
DA:111,0
DA:112,0
DA:113,0
DA:114,0
DA:115,0
DA:116,0
DA:117,0
DA:118,0
DA:119,0
DA:120,0
DA:121,0
DA:122,0
DA:123,0
DA:124,0
DA:125,0
DA:126,0
DA:127,0
DA:128,0
DA:129,0
DA:130,0
DA:131,5
DA:132,5
DA:133,5
DA:134,5
DA:135,5
DA:136,5
DA:137,5
DA:138,5
DA:139,5
DA:140,5
DA:141,5
DA:142,5
DA:143,5
DA:144,5
DA:145,5
DA:146,5
DA:147,5
DA:148,5
DA:149,5
DA:150,5
DA:151,5
DA:152,5
DA:153,5
DA:154,5
DA:155,2
DA:156,2
DA:157,2
DA:158,2
DA:159,2
DA:160,2
DA:161,2
DA:162,1
DA:163,1
DA:164,1
DA:165,1
DA:166,1
DA:167,0
DA:168,0
DA:169,0
DA:170,0
DA:171,0
DA:172,0
DA:173,0
DA:174,0
DA:175,1
DA:176,2
DA:177,2
DA:178,2
DA:179,2
DA:180,0
DA:181,0
DA:182,5
DA:183,7
DA:184,9
DA:185,9
DA:186,1
DA:187,1
DA:188,9
DA:189,1
DA:190,1
DA:191,1
DA:192,1
DA:193,1
DA:194,1
DA:195,1
DA:196,1
DA:197,1
DA:198,1
DA:199,1
DA:200,1
DA:201,9
DA:202,1
DA:203,1
DA:204,1
DA:205,5
DA:206,6
DA:207,6
DA:208,6
DA:209,6
DA:210,5
DA:211,6
DA:212,6
DA:213,6
DA:214,6
DA:215,6
DA:216,8
DA:217,1
DA:218,1
DA:219,1
DA:220,8
DA:221,6
DA:222,6
DA:223,6
DA:224,5
DA:225,6
DA:226,6
DA:227,5
DA:228,5
DA:229,5
DA:230,5
DA:231,5
DA:232,6
DA:233,1
DA:234,5
DA:235,4
DA:236,4
DA:237,5
DA:238,1
DA:239,1
DA:240,1
DA:241,1
DA:242,1
DA:243,1
DA:244,1
DA:245,1
DA:246,1
DA:247,1
DA:248,1
DA:249,1
DA:250,1
DA:251,1
DA:252,1
DA:253,1
DA:254,1
DA:255,1
DA:256,1
DA:257,1
DA:258,1
DA:259,5
DA:260,2
DA:261,2
DA:262,2
DA:263,2
DA:264,2
DA:265,2
DA:266,2
DA:267,2
DA:268,2
DA:269,2
DA:270,0
DA:271,0
DA:272,0
DA:273,0
DA:274,2
DA:275,2
DA:276,2
DA:277,2
DA:278,2
DA:279,2
DA:280,2
DA:281,2
DA:282,2
DA:283,2
DA:284,1
DA:285,1
DA:286,1
DA:287,1
DA:288,1
DA:289,1
DA:290,1
DA:291,1
DA:292,1
DA:293,1
DA:294,5
DA:295,0
DA:296,0
DA:297,0
DA:298,0
DA:299,0
DA:300,0
DA:301,0
DA:302,0
DA:303,0
DA:304,0
DA:305,0
DA:306,5
DA:307,41
DA:308,41
DA:309,41
DA:310,41
DA:311,41
DA:312,41
DA:313,40
DA:314,43
DA:315,41
DA:316,41
DA:317,39
DA:318,39
DA:319,39
DA:320,39
DA:321,39
DA:322,39
DA:323,39
DA:324,39
DA:325,39
DA:326,41
DA:327,4
DA:328,41
DA:329,35
DA:330,35
DA:331,35
DA:332,35
DA:333,35
DA:334,41
DA:335,41
DA:336,33
DA:337,33
DA:338,33
DA:339,33
DA:340,33
DA:341,33
DA:342,33
DA:343,33
DA:344,33
DA:345,33
DA:346,33
DA:347,44
DA:348,41
DA:349,1
DA:350,32
DA:351,32
DA:352,32
DA:353,32
DA:354,32
DA:355,32
DA:356,41
DA:357,0
DA:358,41
DA:359,32
DA:360,32
DA:361,32
DA:362,32
DA:363,32
DA:364,32
DA:365,2
DA:366,41
DA:367,30
DA:368,30
DA:369,30
DA:370,30
DA:371,30
DA:372,30
DA:373,30
DA:374,30
DA:375,30
DA:376,30
DA:377,41
DA:378,41
DA:379,29
DA:380,36
DA:381,41
DA:382,41
DA:383,28
DA:384,28
DA:385,31
DA:386,41
DA:387,27
DA:388,27
DA:389,27
DA:390,41
DA:391,41
DA:392,26
DA:393,26
DA:394,41
DA:395,41
DA:396,41
DA:397,23
DA:398,23
DA:399,23
DA:400,23
DA:401,23
DA:402,23
DA:403,41
DA:404,23
DA:405,23
DA:406,23
DA:407,23
DA:408,23
DA:409,23
DA:410,41
DA:411,1
DA:412,1
DA:413,22
DA:414,22
DA:415,22
DA:416,26
DA:417,41
DA:418,1
DA:419,21
DA:420,21
DA:421,21
DA:422,21
DA:423,21
DA:424,21
DA:425,21
DA:426,21
DA:427,21
DA:428,32
DA:429,41
DA:430,20
DA:431,20
DA:432,41
DA:433,41
DA:434,2
DA:435,2
DA:436,2
DA:437,2
DA:438,41
DA:439,1
DA:440,1
DA:441,41
DA:442,1
DA:443,1
DA:444,41
DA:445,41
DA:446,41
DA:447,41
DA:448,41
DA:449,1
DA:450,1
DA:451,41
DA:452,41
DA:453,41
DA:454,41
DA:455,41
DA:456,41
DA:457,1
DA:458,1
DA:459,1
DA:460,41
DA:461,41
DA:462,41
DA:463,41
DA:464,41
DA:465,41
DA:466,41
DA:467,41
DA:468,41
DA:469,1
DA:470,41
DA:471,41
DA:472,41
DA:473,41
DA:474,5
DA:475,5
DA:476,5
DA:477,24
DA:478,24
DA:479,24
DA:480,24
DA:481,24
DA:482,24
DA:483,24
DA:484,24
DA:485,24
DA:486,24
DA:487,24
DA:488,24
DA:489,24
DA:490,24
DA:491,24
DA:492,24
DA:493,24
DA:494,24
DA:495,24
DA:496,24
DA:497,24
DA:498,24
DA:499,24
DA:500,1
DA:501,1
DA:502,1
DA:503,1
DA:504,1
DA:505,1
DA:506,24
DA:507,1
DA:508,1
DA:509,24
DA:510,1
DA:511,1
DA:512,1
DA:513,1
DA:514,1
DA:515,1
DA:516,1
DA:517,1
DA:518,24
DA:519,1
DA:520,1
DA:521,1
DA:522,24
DA:523,21
DA:524,21
DA:525,24
DA:526,1
DA:527,1
DA:528,24
DA:529,20
DA:530,20
DA:531,20
DA:532,20
DA:533,20
DA:534,15
DA:535,15
DA:536,15
DA:537,15
DA:538,15
DA:539,15
DA:540,15
DA:541,15
DA:542,15
DA:543,15
DA:544,15
DA:545,15
DA:546,15
DA:547,1
DA:548,1
DA:549,1
DA:550,1
DA:551,1
DA:552,1
DA:553,1
DA:554,15
DA:555,14
DA:556,14
DA:557,14
DA:558,15
DA:559,1
DA:560,1
DA:561,1
DA:562,1
DA:563,1
DA:564,24
DA:565,5
DA:566,5
DA:567,5
DA:568,5
DA:569,5
DA:570,5
DA:571,1
DA:572,1
DA:573,1
DA:574,5
DA:575,4
DA:576,4
DA:577,4
DA:578,5
DA:579,1
DA:580,1
DA:581,1
DA:582,3
DA:583,3
DA:584,3
DA:585,3
DA:586,5
DA:587,1
DA:588,1
DA:589,1
DA:590,24
DA:591,0
DA:592,0
DA:593,0
DA:594,0
DA:595,24
DA:596,15
DA:597,1
DA:598,1
DA:599,1
DA:600,1
DA:601,1
DA:602,1
DA:603,15
DA:604,14
DA:605,1
DA:606,24
DA:607,24
DA:608,1
DA:609,1
DA:610,24
DA:611,1
DA:612,1
DA:613,1
DA:614,12
DA:615,11
DA:616,1
DA:617,1
DA:618,1
DA:619,1
DA:620,24
DA:621,24
DA:622,1
DA:623,1
DA:624,1
DA:625,1
DA:626,1
DA:627,1
DA:628,24
DA:629,9
DA:630,9
DA:631,24
DA:632,24
DA:633,24
DA:634,24
DA:635,24
DA:636,1
DA:637,24
DA:638,24
DA:639,1
DA:640,1
DA:641,1
DA:642,1
DA:643,24
DA:644,8
DA:645,8
DA:646,8
DA:647,24
DA:648,8
DA:649,24
DA:650,1
DA:651,1
DA:652,24
DA:653,7
DA:654,1
DA:655,1
DA:656,7
DA:657,1
DA:658,1
DA:659,1
DA:660,1
DA:661,1
DA:662,1
DA:663,1
DA:664,1
DA:665,1
DA:666,24
DA:667,6
DA:668,6
DA:669,24
DA:670,24
DA:671,24
DA:672,24
DA:673,24
DA:674,24
DA:675,24
DA:676,24
DA:677,24
DA:678,24
DA:679,5
DA:680,0
DA:681,0
DA:682,0
DA:683,5
DA:684,5
DA:685,6
DA:686,6
DA:687,6
DA:688,6
DA:689,6
DA:690,6
DA:691,6
DA:692,6
DA:693,6
DA:694,6
DA:695,2
DA:696,2
DA:697,6
DA:698,2
DA:699,2
DA:700,2
DA:701,2
DA:702,2
DA:703,2
DA:704,2
DA:705,2
DA:706,2
DA:707,2
DA:708,5
DA:709,5
DA:710,5
DA:711,4
DA:712,4
DA:713,4
DA:714,4
DA:715,4
DA:716,4
DA:717,4
DA:718,4
DA:719,1
DA:720,1
DA:721,1
DA:722,4
DA:723,2
DA:724,2
DA:725,4
DA:726,1
DA:727,1
DA:728,1
DA:729,1
DA:730,1
DA:731,1
DA:732,1
DA:733,4
DA:734,4
DA:735,4
DA:736,4
DA:737,4
DA:738,4
DA:739,1
DA:740,4
DA:741,4
DA:742,4
DA:743,4
DA:744,4
DA:745,4
DA:746,4
DA:747,4
DA:748,4
DA:749,4
DA:750,4
DA:751,4
DA:752,4
DA:753,4
DA:754,4
DA:755,4
DA:756,4
DA:757,4
DA:758,4
DA:759,4
DA:760,4
DA:761,4
DA:762,1
DA:763,1
DA:764,1
DA:765,1
DA:766,1
DA:767,1
DA:768,1
DA:769,1
DA:770,5
DA:771,1
DA:772,1
DA:773,5
DA:774,1
DA:775,1
DA:776,1
DA:777,1
DA:778,1
DA:779,1
DA:780,1
DA:781,1
DA:782,1
DA:783,1
DA:784,1
DA:785,1
DA:786,1
DA:787,5
DA:788,5
DA:789,5
DA:790,5
DA:791,5
DA:792,5
DA:793,5
DA:794,5
DA:795,5
DA:796,5
DA:797,5
DA:798,5
DA:799,5
DA:800,5
DA:801,5
DA:802,0
DA:803,0
DA:804,0
DA:805,0
DA:806,0
DA:807,0
DA:808,0
DA:809,5
DA:810,6
DA:811,6
DA:812,6
DA:813,6
DA:814,6
DA:815,6
DA:816,6
DA:817,1
DA:818,1
DA:819,6
DA:820,5
DA:821,6
DA:822,6
DA:823,1
DA:824,1
DA:825,1
DA:826,4
DA:827,4
DA:828,4
DA:829,4
DA:830,4
DA:831,4
DA:832,6
DA:833,2
DA:834,2
DA:835,2
DA:836,2
DA:837,2
DA:838,2
DA:839,2
DA:840,2
DA:841,2
DA:842,2
DA:843,2
DA:844,2
DA:845,2
DA:846,2
DA:847,2
DA:848,2
DA:849,2
DA:850,2
DA:851,2
DA:852,2
DA:853,2
DA:854,2
DA:855,2
DA:856,2
DA:857,2
DA:858,2
DA:859,2
DA:860,1
DA:861,1
DA:862,1
DA:863,1
DA:864,1
DA:865,2
DA:866,2
DA:867,2
DA:868,2
DA:869,6
DA:870,0
DA:871,6
DA:872,2
DA:873,2
DA:874,2
DA:875,2
DA:876,2
DA:877,2
DA:878,2
DA:879,6
DA:880,6
DA:881,1
DA:882,1
DA:883,1
DA:884,1
DA:885,1
DA:886,1
DA:887,1
DA:888,1
DA:889,1
DA:890,1
DA:891,1
DA:892,1
DA:893,1
DA:894,1
DA:895,1
DA:896,5
DA:897,5
DA:898,15
DA:899,15
DA:900,15
DA:901,15
DA:902,2
DA:903,2
DA:904,2
DA:905,2
DA:906,2
DA:907,5
DA:908,10
DA:909,10
DA:910,10
DA:911,10
DA:912,7
DA:913,10
DA:914,14
DA:915,14
DA:916,14
DA:917,14
DA:918,14
DA:919,10
DA:920,5
DA:921,10
DA:922,10
DA:923,10
DA:924,10
DA:925,10
DA:926,10
DA:927,10
DA:928,10
DA:929,10
DA:930,10
DA:931,10
DA:932,10
DA:933,5
DA:934,4
DA:935,4
DA:936,4
DA:937,4
DA:938,4
DA:939,4
DA:940,4
DA:941,2
DA:942,2
DA:943,2
DA:944,2
DA:945,2
DA:946,2
DA:947,2
DA:948,2
DA:949,2
DA:950,2
DA:951,4
DA:952,2
DA:953,2
DA:954,2
DA:955,2
DA:956,2
DA:957,4
DA:958,2
DA:959,5
DA:960,6
DA:961,6
DA:962,6
DA:963,6
DA:964,6
DA:965,6
DA:966,6
DA:967,6
DA:968,6
DA:969,6
DA:970,6
DA:971,6
DA:972,6
DA:973,6
DA:974,1
DA:975,1
DA:976,6
DA:977,5
DA:978,5
DA:979,6
DA:980,6
DA:981,6
DA:982,2
DA:983,2
DA:984,6
DA:985,1
DA:986,4
DA:987,3
DA:988,2
DA:989,2
DA:990,2
DA:991,2
DA:992,3
DA:993,1
DA:994,1
DA:995,6
DA:996,6
DA:997,5
DA:998,9
DA:999,9
DA:1000,9
DA:1001,9
DA:1002,9
DA:1003,5
DA:1004,12
DA:1005,12
DA:1006,3
DA:1007,3
DA:1008,3
DA:1009,2
DA:1010,2
DA:1011,2
DA:1012,2
DA:1013,2
DA:1014,1
DA:1015,1
DA:1016,1
DA:1017,1
DA:1018,1
DA:1019,1
DA:1020,2
DA:1021,2
DA:1022,3
DA:1023,3
DA:1024,3
DA:1025,4
DA:1026,3
DA:1027,3
DA:1028,1
DA:1029,1
DA:1030,1
DA:1031,1
DA:1032,1
DA:1033,1
DA:1034,12
DA:1035,11
DA:1036,11
DA:1037,11
DA:1038,11
DA:1039,11
DA:1040,11
DA:1041,12
DA:1042,2
DA:1043,2
DA:1044,2
DA:1045,2
DA:1046,1
DA:1047,1
DA:1048,1
DA:1049,1
DA:1050,1
DA:1051,1
DA:1052,12
DA:1053,9
DA:1054,9
DA:1055,12
DA:1056,1
DA:1057,1
DA:1058,12
DA:1059,1
DA:1060,1
DA:1061,1
DA:1062,1
DA:1063,1
DA:1064,1
DA:1065,1
DA:1066,1
DA:1067,1
DA:1068,0
DA:1069,0
DA:1070,0
DA:1071,0
DA:1072,0
DA:1073,0
DA:1074,12
DA:1075,3
DA:1076,3
DA:1077,3
DA:1078,3
DA:1079,3
DA:1080,3
DA:1081,12
DA:1082,5
DA:1083,12
DA:1084,1
DA:1085,12
DA:1086,4
DA:1087,4
DA:1088,4
DA:1089,4
DA:1090,12
DA:1091,5
DA:1092,5
DA:1093,5
DA:1094,1
DA:1095,1
DA:1096,5
DA:1097,4
DA:1098,4
DA:1099,12
DA:1100,3
DA:1101,3
DA:1102,3
DA:1103,3
DA:1104,3
DA:1105,3
DA:1106,3
DA:1107,3
DA:1108,3
DA:1109,3
DA:1110,3
DA:1111,3
DA:1112,3
DA:1113,5
DA:1114,3
DA:1115,3
DA:1116,3
DA:1117,3
DA:1118,3
DA:1119,3
DA:1120,3
DA:1121,3
DA:1122,3
DA:1123,3
DA:1124,3
DA:1125,2
DA:1126,3
DA:1127,3
DA:1128,3
DA:1129,3
DA:1130,3
DA:1131,3
DA:1132,3
DA:1133,3
DA:1134,3
DA:1135,3
DA:1136,3
DA:1137,3
DA:1138,3
DA:1139,1
DA:1140,1
DA:1141,1
DA:1142,1
DA:1143,1
DA:1144,1
DA:1145,1
DA:1146,1
DA:1147,1
DA:1148,1
DA:1149,1
DA:1150,1
DA:1151,1
DA:1152,1
DA:1153,1
DA:1154,1
DA:1155,3
DA:1156,2
DA:1157,2
DA:1158,5
DA:1159,7
DA:1160,7
DA:1161,7
DA:1162,7
DA:1163,7
DA:1164,7
DA:1165,7
DA:1166,7
DA:1167,7
DA:1168,7
DA:1169,7
DA:1170,7
DA:1171,7
DA:1172,6
DA:1173,7
DA:1174,7
DA:1175,1
DA:1176,1
DA:1177,1
DA:1178,1
DA:1179,1
DA:1180,1
DA:1181,1
DA:1182,7
DA:1183,7
DA:1184,1
DA:1185,7
DA:1186,1
DA:1187,1
DA:1188,1
DA:1189,1
DA:1190,1
DA:1191,1
DA:1192,1
DA:1193,1
DA:1194,1
DA:1195,1
DA:1196,1
DA:1197,1
DA:1198,1
DA:1199,1
DA:1200,1
DA:1201,7
DA:1202,7
DA:1203,7
DA:1204,1
DA:1205,1
DA:1206,1
DA:1207,1
DA:1208,1
DA:1209,1
DA:1210,1
DA:1211,1
DA:1212,1
DA:1213,1
DA:1214,1
DA:1215,1
DA:1216,1
DA:1217,1
DA:1218,1
DA:1219,1
DA:1220,7
DA:1221,7
DA:1222,1
DA:1223,1
DA:1224,1
DA:1225,1
DA:1226,1
DA:1227,1
DA:1228,1
DA:1229,7
DA:1230,3
DA:1231,7
DA:1232,0
DA:1233,0
DA:1234,0
DA:1235,0
DA:1236,0
DA:1237,0
DA:1238,0
DA:1239,7
DA:1240,3
DA:1241,3
DA:1242,7
DA:1243,1
DA:1244,1
DA:1245,1
DA:1246,1
DA:1247,1
DA:1248,1
DA:1249,1
DA:1250,1
DA:1251,1
DA:1252,1
DA:1253,1
DA:1254,1
DA:1255,1
DA:1256,7
DA:1257,2
DA:1258,2
DA:1259,2
DA:1260,2
DA:1261,2
DA:1262,2
DA:1263,2
DA:1264,2
DA:1265,2
DA:1266,2
DA:1267,2
DA:1268,2
DA:1269,2
DA:1270,2
DA:1271,2
DA:1272,2
DA:1273,2
DA:1274,2
DA:1275,2
DA:1276,2
DA:1277,2
DA:1278,2
DA:1279,7
DA:1280,7
DA:1281,7
DA:1282,1
DA:1283,1
DA:1284,1
DA:1285,1
DA:1286,1
DA:1287,1
DA:1288,1
DA:1289,1
DA:1290,1
DA:1291,1
DA:1292,1
DA:1293,1
DA:1294,1
LF:1294
LH:1196
BRDA:1,0,0,5
BRDA:1,1,0,5
BRDA:4,2,0,5
BRDA:5,3,0,75
BRDA:7,4,0,2
BRDA:8,5,0,30
BRDA:10,6,0,34
BRDA:12,7,0,2
BRDA:13,8,0,12
BRDA:14,9,0,3
BRDA:15,10,0,2
BRDA:16,11,0,2
BRDA:17,12,0,1
BRDA:18,13,0,3
BRDA:20,14,0,1
BRDA:24,15,0,1
BRDA:26,16,0,7
BRDA:27,17,0,4
BRDA:28,18,0,3
BRDA:74,19,0,25
BRDA:77,20,0,5
BRDA:77,21,0,20
BRDA:93,22,0,5
BRDA:95,23,0,0
BRDA:97,24,0,0
BRDA:99,25,0,0
BRDA:106,26,0,0
BRDA:154,27,0,2
BRDA:161,28,0,1
BRDA:166,29,0,0
BRDA:156,30,0,1
BRDA:182,31,0,9
BRDA:182,32,0,7
BRDA:184,33,0,2
BRDA:185,34,0,1
BRDA:188,35,0,1
BRDA:194,36,0,0
BRDA:201,37,0,1
BRDA:205,38,0,0
BRDA:205,39,0,6
BRDA:210,40,0,5
BRDA:210,41,0,1
BRDA:210,42,0,6
BRDA:215,43,0,8
BRDA:217,44,0,1
BRDA:220,45,0,7
BRDA:224,46,0,6
BRDA:226,47,0,5
BRDA:232,48,0,1
BRDA:234,49,0,4
BRDA:237,50,0,1
BRDA:259,51,0,2
BRDA:269,52,0,0
BRDA:283,53,0,1
BRDA:306,54,0,41
BRDA:311,55,0,1
BRDA:312,56,0,40
BRDA:315,57,0,1
BRDA:316,58,0,39
BRDA:326,59,0,4
BRDA:328,60,0,35
BRDA:334,61,0,2
BRDA:335,62,0,33
BRDA:348,63,0,1
BRDA:350,64,0,32
BRDA:356,65,0,0
BRDA:358,66,0,32
BRDA:365,67,0,2
BRDA:366,68,0,30
BRDA:377,69,0,1
BRDA:378,70,0,29
BRDA:381,71,0,1
BRDA:382,72,0,28
BRDA:386,73,0,1
BRDA:386,74,0,27
BRDA:390,75,0,1
BRDA:391,76,0,26
BRDA:394,77,0,2
BRDA:395,78,0,24
BRDA:396,79,0,1
BRDA:396,80,0,23
BRDA:403,81,0,0
BRDA:403,82,0,23
BRDA:410,83,0,1
BRDA:413,84,0,22
BRDA:417,85,0,1
BRDA:419,86,0,21
BRDA:429,87,0,1
BRDA:429,88,0,20
BRDA:432,89,0,3
BRDA:433,90,0,2
BRDA:438,91,0,1
BRDA:438,92,0,20
BRDA:438,93,0,1
BRDA:441,94,0,1
BRDA:444,95,0,2
BRDA:445,96,0,1
BRDA:446,97,0,2
BRDA:448,98,0,1
BRDA:448,99,0,1
BRDA:451,100,0,1
BRDA:451,101,0,2
BRDA:452,102,0,1
BRDA:455,103,0,1
BRDA:455,104,0,2
BRDA:456,105,0,1
BRDA:456,106,0,1
BRDA:460,107,0,1
BRDA:461,108,0,1
BRDA:462,109,0,0
BRDA:463,110,0,0
BRDA:463,111,0,0
BRDA:463,112,0,0
BRDA:463,113,0,0
BRDA:464,114,0,0
BRDA:464,115,0,0
BRDA:466,116,0,0
BRDA:466,117,0,0
BRDA:466,118,0,0
BRDA:466,119,0,1
BRDA:468,120,0,1
BRDA:470,121,0,1
BRDA:471,122,0,1
BRDA:471,123,0,1
BRDA:471,124,0,1
BRDA:472,125,0,1
BRDA:472,126,0,1
BRDA:473,127,0,1
BRDA:473,128,0,3
BRDA:473,129,0,3
BRDA:313,130,0,43
BRDA:325,131,0,67
BRDA:333,132,0,41
BRDA:346,133,0,44
BRDA:347,134,0,40
BRDA:355,135,0,34
BRDA:363,136,0,38
BRDA:376,137,0,161
BRDA:377,138,0,41
BRDA:379,139,0,36
BRDA:385,140,0,31
BRDA:389,141,0,30
BRDA:393,142,0,28
BRDA:396,143,0,25
BRDA:403,144,0,30
BRDA:410,145,0,122
BRDA:410,146,0,30
BRDA:415,147,0,26
BRDA:427,148,0,32
BRDA:437,149,0,1
BRDA:476,150,0,24
BRDA:489,151,0,0
BRDA:499,152,0,1
BRDA:506,153,0,1
BRDA:509,154,0,23
BRDA:509,155,0,1
BRDA:518,156,0,22
BRDA:519,157,0,1
BRDA:522,158,0,21
BRDA:525,159,0,1
BRDA:528,160,0,20
BRDA:534,161,0,15
BRDA:546,162,0,0
BRDA:546,163,0,1
BRDA:554,164,0,14
BRDA:558,165,0,1
BRDA:564,166,0,5
BRDA:570,167,0,1
BRDA:574,168,0,4
BRDA:578,169,0,1
BRDA:582,170,0,3
BRDA:586,171,0,1
BRDA:590,172,0,15
BRDA:590,173,0,0
BRDA:595,174,0,15
BRDA:596,175,0,1
BRDA:603,176,0,14
BRDA:604,177,0,1
BRDA:606,178,0,13
BRDA:607,179,0,1
BRDA:610,180,0,12
BRDA:610,181,0,1
BRDA:614,182,0,11
BRDA:615,183,0,1
BRDA:620,184,0,10
BRDA:621,185,0,9
BRDA:621,186,0,1
BRDA:628,187,0,9
BRDA:631,188,0,0
BRDA:633,189,0,0
BRDA:634,190,0,1
BRDA:635,191,0,9
BRDA:635,192,0,1
BRDA:637,193,0,0
BRDA:638,194,0,1
BRDA:643,195,0,8
BRDA:647,196,0,8
BRDA:649,197,0,1
BRDA:652,198,0,7
BRDA:653,199,0,1
BRDA:656,200,0,1
BRDA:666,201,0,6
BRDA:669,202,0,0
BRDA:670,203,0,6
BRDA:684,204,0,6
BRDA:693,205,0,2
BRDA:694,206,0,2
BRDA:697,207,0,2
BRDA:708,208,0,5
BRDA:710,209,0,4
BRDA:718,210,0,3
BRDA:718,211,0,2
BRDA:718,212,0,1
BRDA:722,213,0,2
BRDA:725,214,0,1
BRDA:733,215,0,0
BRDA:737,216,0,0
BRDA:738,217,0,1
BRDA:761,218,0,1
BRDA:770,219,0,1
BRDA:773,220,0,0
BRDA:773,221,0,1
BRDA:801,222,0,0
BRDA:809,223,0,6
BRDA:816,224,0,1
BRDA:819,225,0,5
BRDA:822,226,0,1
BRDA:826,227,0,4
BRDA:832,228,0,2
BRDA:859,229,0,1
BRDA:869,230,0,0
BRDA:871,231,0,2
BRDA:880,232,0,1
BRDA:897,233,0,15
BRDA:901,234,0,13
BRDA:902,235,0,2
BRDA:907,236,0,10
BRDA:910,237,0,3
BRDA:911,238,0,7
BRDA:913,239,0,14
BRDA:916,240,0,7
BRDA:919,241,0,7
BRDA:920,242,0,10
BRDA:924,243,0,9
BRDA:924,244,0,3
BRDA:929,245,0,1
BRDA:930,246,0,1
BRDA:933,247,0,7
BRDA:933,248,0,3
BRDA:933,249,0,4
BRDA:939,250,0,2
BRDA:940,251,0,2
BRDA:951,252,0,2
BRDA:957,253,0,2
BRDA:959,254,0,6
BRDA:974,255,0,1
BRDA:976,256,0,5
BRDA:981,257,0,2
BRDA:984,258,0,4
BRDA:984,259,0,1
BRDA:986,260,0,3
BRDA:987,261,0,2
BRDA:992,262,0,1
BRDA:996,263,0,5
BRDA:997,264,0,9
BRDA:1003,265,0,12
BRDA:1005,266,0,3
BRDA:1008,267,0,2
BRDA:1027,268,0,1
BRDA:1034,269,0,11
BRDA:1041,270,0,2
BRDA:1045,271,0,1
BRDA:1052,272,0,9
BRDA:1055,273,0,1
BRDA:1055,274,0,1
BRDA:1058,275,0,1
BRDA:1067,276,0,0
BRDA:1074,277,0,8
BRDA:1074,278,0,3
BRDA:1081,279,0,5
BRDA:1083,280,0,1
BRDA:1085,281,0,4
BRDA:1090,282,0,5
BRDA:1093,283,0,1
BRDA:1096,284,0,4
BRDA:1099,285,0,3
BRDA:1013,286,0,1
BRDA:1021,287,0,3
BRDA:1024,288,0,4
BRDA:1040,289,0,2
BRDA:1113,290,0,3
BRDA:1124,291,0,2
BRDA:1126,292,0,2
BRDA:1126,293,0,1
BRDA:1137,294,0,2
BRDA:1138,295,0,1
BRDA:1155,296,0,2
BRDA:1158,297,0,7
BRDA:1171,298,0,6
BRDA:1173,299,0,6
BRDA:1174,300,0,1
BRDA:1182,301,0,6
BRDA:1183,302,0,1
BRDA:1185,303,0,1
BRDA:1201,304,0,5
BRDA:1202,305,0,4
BRDA:1203,306,0,1
BRDA:1220,307,0,4
BRDA:1221,308,0,1
BRDA:1229,309,0,3
BRDA:1231,310,0,0
BRDA:1239,311,0,3
BRDA:1242,312,0,1
BRDA:1248,313,0,0
BRDA:1256,314,0,2
BRDA:1279,315,0,1
BRDA:1280,316,0,1
BRDA:1281,317,0,1
BRF:318
BRH:283
end_of_record
