TN:
SF:packages\next\src\lib\create-client-router-filter.ts
FN:1,Object.<anonymous>
FN:4,get
FN:17,createClientRouterFilter
FNF:3
FNH:3
FNDA:1,Object.<anonymous>
FNDA:3,get
FNDA:3,createClientRouterFilter
DA:1,1
DA:2,1
DA:3,1
DA:4,1
DA:5,1
DA:6,1
DA:7,1
DA:8,1
DA:9,1
DA:10,1
DA:11,1
DA:12,1
DA:13,1
DA:14,1
DA:15,1
DA:16,1
DA:17,1
DA:18,3
DA:19,3
DA:20,3
DA:21,3
DA:22,3
DA:23,3
DA:24,6
DA:25,6
DA:26,5
DA:27,1
DA:28,1
DA:29,1
DA:30,1
DA:31,1
DA:32,5
DA:33,5
DA:34,5
DA:35,5
DA:36,5
DA:37,5
DA:38,5
DA:39,5
DA:40,5
DA:41,10
DA:42,10
DA:43,10
DA:44,10
DA:45,5
DA:46,5
DA:47,5
DA:48,5
DA:49,5
DA:50,5
DA:51,5
DA:52,5
DA:53,4
DA:54,6
DA:55,1
DA:56,1
DA:57,3
DA:58,3
DA:59,3
DA:60,3
DA:61,3
DA:62,3
DA:63,3
DA:64,3
DA:65,3
DA:66,3
DA:67,3
DA:68,3
DA:69,3
DA:70,3
DA:71,2
DA:72,2
DA:73,2
DA:74,2
LF:74
LH:74
BRDA:1,0,0,1
BRDA:1,1,0,1
BRDA:4,2,0,3
BRDA:17,3,0,3
BRDA:23,4,0,6
BRDA:25,5,0,5
BRDA:26,6,0,1
BRDA:40,7,0,10
BRDA:44,8,0,5
BRDA:53,9,0,4
BRDA:54,10,0,1
BRDA:68,11,0,1
BRDA:68,12,0,0
BRDA:70,13,0,2
BRDA:68,14,0,3
BRF:15
BRH:14
end_of_record
TN:
SF:packages\next\src\server\image-optimizer.ts
FN:1,Object.<anonymous>
FN:4,_export
FN:7,get ImageError
FN:8,get ImageOptimizerCache
FN:10,get detectContentType
FN:12,get extractEtag
FN:13,get fetchExternalImage
FN:14,get fetchInternalImage
FN:15,get getHash
FN:16,get getImageEtag
FN:17,get getImageSize
FN:18,get getMaxAge
FN:20,get getPreviouslyCachedImageOrNull
FN:24,get getSharp
FN:26,get imageOptimizer
FN:27,get optimizeImage
FN:28,get sendResponse
FN:74,_interop_require_default
FN:80,_getRequireWildcardCache
FN:93,_interop_require_wildcard
FN:154,initCacheEntries
FN:182,getSharp
FN:205,getSupportedMimeType
FN:210,getHash
FN:224,extractEtag
FN:234,getImageEtag
FN:237,writeToCacheDir
FN:259,readFromCacheDir
FN:294,deleteFromCacheDir
FN:306,detectContentType
FN:476,validateParams
FN:679,getCacheKey
FN:684,ImageOptimizerCache
FN:708,get
FN:809,set
FN:897,ImageError
FN:907,parseCacheControl
FN:920,getMaxAge
FN:933,getPreviouslyCachedImageOrNull
FN:959,optimizeImage
FN:997,isRedirect
FN:1003,fetchExternalImage
FN:1113,fetchInternalImage
FN:1158,imageOptimizer
FNF:44
FNH:34
FNDA:5,Object.<anonymous>
FNDA:5,_export
FNDA:2,get ImageError
FNDA:30,get ImageOptimizerCache
FNDA:34,get detectContentType
FNDA:0,get extractEtag
FNDA:12,get fetchExternalImage
FNDA:2,get fetchInternalImage
FNDA:0,get getHash
FNDA:0,get getImageEtag
FNDA:0,get getImageSize
FNDA:3,get getMaxAge
FNDA:1,get getPreviouslyCachedImageOrNull
FNDA:1,get getSharp
FNDA:6,get imageOptimizer
FNDA:4,get optimizeImage
FNDA:0,get sendResponse
FNDA:25,_interop_require_default
FNDA:0,_getRequireWildcardCache
FNDA:5,_interop_require_wildcard
FNDA:2,initCacheEntries
FNDA:8,getSharp
FNDA:6,getSupportedMimeType
FNDA:0,getHash
FNDA:4,extractEtag
FNDA:0,getImageEtag
FNDA:1,writeToCacheDir
FNDA:2,readFromCacheDir
FNDA:0,deleteFromCacheDir
FNDA:40,detectContentType
FNDA:24,validateParams
FNDA:0,getCacheKey
FNDA:6,ImageOptimizerCache
FNDA:5,get
FNDA:6,set
FNDA:13,ImageError
FNDA:9,parseCacheControl
FNDA:9,getMaxAge
FNDA:3,getPreviouslyCachedImageOrNull
FNDA:5,optimizeImage
FNDA:9,isRedirect
FNDA:12,fetchExternalImage
FNDA:2,fetchInternalImage
FNDA:6,imageOptimizer
DA:1,5
DA:2,5
DA:3,5
DA:4,5
DA:5,5
DA:6,75
DA:7,5
DA:8,5
DA:9,30
DA:10,5
DA:11,34
DA:12,5
DA:13,5
DA:14,5
DA:15,5
DA:16,5
DA:17,5
DA:18,5
DA:19,3
DA:20,5
DA:21,1
DA:22,1
DA:23,1
DA:24,5
DA:25,5
DA:26,5
DA:27,5
DA:28,5
DA:29,5
DA:30,5
DA:31,5
DA:32,5
DA:33,5
DA:34,5
DA:35,5
DA:36,5
DA:37,5
DA:38,5
DA:39,5
DA:40,5
DA:41,5
DA:42,5
DA:43,5
DA:44,5
DA:45,5
DA:46,5
DA:47,5
DA:48,5
DA:49,5
DA:50,5
DA:51,5
DA:52,5
DA:53,5
DA:54,5
DA:55,5
DA:56,5
DA:57,5
DA:58,5
DA:59,5
DA:60,5
DA:61,5
DA:62,5
DA:63,5
DA:64,5
DA:65,5
DA:66,5
DA:67,5
DA:68,5
DA:69,5
DA:70,5
DA:71,5
DA:72,5
DA:73,5
DA:74,5
DA:75,25
DA:76,25
DA:77,25
DA:78,20
DA:79,5
DA:80,0
DA:81,0
DA:82,0
DA:83,0
DA:84,0
DA:85,0
DA:86,0
DA:87,0
DA:88,0
DA:89,0
DA:90,0
DA:91,0
DA:92,0
DA:93,5
DA:94,5
DA:95,5
DA:96,0
DA:97,5
DA:98,0
DA:99,5
DA:100,0
DA:101,0
DA:102,0
DA:103,0
DA:104,5
DA:105,5
DA:106,0
DA:107,0
DA:108,0
DA:109,0
DA:110,0
DA:111,0
DA:112,0
DA:113,0
DA:114,0
DA:115,0
DA:116,0
DA:117,0
DA:118,0
DA:119,0
DA:120,0
DA:121,0
DA:122,0
DA:123,0
DA:124,0
DA:125,0
DA:126,0
DA:127,0
DA:128,0
DA:129,0
DA:130,0
DA:131,5
DA:132,5
DA:133,5
DA:134,5
DA:135,5
DA:136,5
DA:137,5
DA:138,5
DA:139,5
DA:140,5
DA:141,5
DA:142,5
DA:143,5
DA:144,5
DA:145,5
DA:146,5
DA:147,5
DA:148,5
DA:149,5
DA:150,5
DA:151,5
DA:152,5
DA:153,5
DA:154,5
DA:155,2
DA:156,2
DA:157,2
DA:158,2
DA:159,2
DA:160,2
DA:161,2
DA:162,1
DA:163,1
DA:164,1
DA:165,1
DA:166,1
DA:167,0
DA:168,0
DA:169,0
DA:170,0
DA:171,0
DA:172,0
DA:173,0
DA:174,0
DA:175,1
DA:176,2
DA:177,2
DA:178,2
DA:179,2
DA:180,0
DA:181,0
DA:182,5
DA:183,6
DA:184,8
DA:185,8
DA:186,1
DA:187,1
DA:188,8
DA:189,1
DA:190,1
DA:191,1
DA:192,1
DA:193,1
DA:194,1
DA:195,1
DA:196,1
DA:197,1
DA:198,1
DA:199,1
DA:200,1
DA:201,8
DA:202,1
DA:203,1
DA:204,1
DA:205,5
DA:206,6
DA:207,6
DA:208,6
DA:209,6
DA:210,5
DA:211,0
DA:212,0
DA:213,0
DA:214,0
DA:215,0
DA:216,0
DA:217,0
DA:218,0
DA:219,0
DA:220,0
DA:221,0
DA:222,0
DA:223,0
DA:224,5
DA:225,4
DA:226,4
DA:227,4
DA:228,4
DA:229,4
DA:230,4
DA:231,4
DA:232,4
DA:233,0
DA:234,5
DA:235,0
DA:236,0
DA:237,5
DA:238,1
DA:239,1
DA:240,1
DA:241,1
DA:242,1
DA:243,1
DA:244,1
DA:245,1
DA:246,1
DA:247,1
DA:248,1
DA:249,1
DA:250,1
DA:251,1
DA:252,1
DA:253,1
DA:254,1
DA:255,1
DA:256,1
DA:257,1
DA:258,1
DA:259,5
DA:260,2
DA:261,2
DA:262,2
DA:263,2
DA:264,2
DA:265,2
DA:266,2
DA:267,2
DA:268,2
DA:269,2
DA:270,0
DA:271,0
DA:272,0
DA:273,0
DA:274,2
DA:275,2
DA:276,2
DA:277,2
DA:278,2
DA:279,2
DA:280,2
DA:281,2
DA:282,2
DA:283,2
DA:284,1
DA:285,1
DA:286,1
DA:287,1
DA:288,1
DA:289,1
DA:290,1
DA:291,1
DA:292,1
DA:293,1
DA:294,5
DA:295,0
DA:296,0
DA:297,0
DA:298,0
DA:299,0
DA:300,0
DA:301,0
DA:302,0
DA:303,0
DA:304,0
DA:305,0
DA:306,5
DA:307,40
DA:308,40
DA:309,40
DA:310,40
DA:311,40
DA:312,40
DA:313,39
DA:314,42
DA:315,40
DA:316,40
DA:317,38
DA:318,38
DA:319,38
DA:320,38
DA:321,38
DA:322,38
DA:323,38
DA:324,38
DA:325,38
DA:326,40
DA:327,3
DA:328,40
DA:329,35
DA:330,35
DA:331,35
DA:332,35
DA:333,35
DA:334,40
DA:335,40
DA:336,33
DA:337,33
DA:338,33
DA:339,33
DA:340,33
DA:341,33
DA:342,33
DA:343,33
DA:344,33
DA:345,33
DA:346,33
DA:347,44
DA:348,40
DA:349,1
DA:350,32
DA:351,32
DA:352,32
DA:353,32
DA:354,32
DA:355,32
DA:356,40
DA:357,0
DA:358,40
DA:359,32
DA:360,32
DA:361,32
DA:362,32
DA:363,32
DA:364,32
DA:365,2
DA:366,40
DA:367,30
DA:368,30
DA:369,30
DA:370,30
DA:371,30
DA:372,30
DA:373,30
DA:374,30
DA:375,30
DA:376,30
DA:377,40
DA:378,40
DA:379,29
DA:380,36
DA:381,40
DA:382,40
DA:383,28
DA:384,28
DA:385,31
DA:386,40
DA:387,27
DA:388,27
DA:389,27
DA:390,40
DA:391,40
DA:392,26
DA:393,26
DA:394,40
DA:395,40
DA:396,40
DA:397,23
DA:398,23
DA:399,23
DA:400,23
DA:401,23
DA:402,23
DA:403,40
DA:404,23
DA:405,23
DA:406,23
DA:407,23
DA:408,23
DA:409,23
DA:410,40
DA:411,1
DA:412,1
DA:413,22
DA:414,22
DA:415,22
DA:416,26
DA:417,40
DA:418,1
DA:419,21
DA:420,21
DA:421,21
DA:422,21
DA:423,21
DA:424,21
DA:425,21
DA:426,21
DA:427,21
DA:428,32
DA:429,40
DA:430,20
DA:431,20
DA:432,40
DA:433,40
DA:434,2
DA:435,2
DA:436,2
DA:437,2
DA:438,40
DA:439,1
DA:440,1
DA:441,40
DA:442,1
DA:443,1
DA:444,40
DA:445,40
DA:446,40
DA:447,40
DA:448,40
DA:449,1
DA:450,1
DA:451,40
DA:452,40
DA:453,40
DA:454,40
DA:455,40
DA:456,40
DA:457,1
DA:458,1
DA:459,1
DA:460,40
DA:461,40
DA:462,40
DA:463,40
DA:464,40
DA:465,40
DA:466,40
DA:467,40
DA:468,40
DA:469,1
DA:470,40
DA:471,40
DA:472,40
DA:473,40
DA:474,5
DA:475,5
DA:476,5
DA:477,24
DA:478,24
DA:479,24
DA:480,24
DA:481,24
DA:482,24
DA:483,24
DA:484,24
DA:485,24
DA:486,24
DA:487,24
DA:488,24
DA:489,24
DA:490,24
DA:491,24
DA:492,24
DA:493,24
DA:494,24
DA:495,24
DA:496,24
DA:497,24
DA:498,24
DA:499,24
DA:500,1
DA:501,1
DA:502,1
DA:503,1
DA:504,1
DA:505,1
DA:506,24
DA:507,1
DA:508,1
DA:509,24
DA:510,1
DA:511,1
DA:512,1
DA:513,1
DA:514,1
DA:515,1
DA:516,1
DA:517,1
DA:518,24
DA:519,1
DA:520,1
DA:521,1
DA:522,24
DA:523,21
DA:524,21
DA:525,24
DA:526,1
DA:527,1
DA:528,24
DA:529,20
DA:530,20
DA:531,20
DA:532,20
DA:533,20
DA:534,15
DA:535,15
DA:536,15
DA:537,15
DA:538,15
DA:539,15
DA:540,15
DA:541,15
DA:542,15
DA:543,15
DA:544,15
DA:545,15
DA:546,15
DA:547,1
DA:548,1
DA:549,1
DA:550,1
DA:551,1
DA:552,1
DA:553,1
DA:554,15
DA:555,14
DA:556,14
DA:557,14
DA:558,15
DA:559,1
DA:560,1
DA:561,1
DA:562,1
DA:563,1
DA:564,24
DA:565,5
DA:566,5
DA:567,5
DA:568,5
DA:569,5
DA:570,5
DA:571,1
DA:572,1
DA:573,1
DA:574,5
DA:575,4
DA:576,4
DA:577,4
DA:578,5
DA:579,1
DA:580,1
DA:581,1
DA:582,3
DA:583,3
DA:584,3
DA:585,3
DA:586,5
DA:587,1
DA:588,1
DA:589,1
DA:590,24
DA:591,0
DA:592,0
DA:593,0
DA:594,0
DA:595,24
DA:596,15
DA:597,1
DA:598,1
DA:599,1
DA:600,1
DA:601,1
DA:602,1
DA:603,15
DA:604,14
DA:605,1
DA:606,24
DA:607,24
DA:608,1
DA:609,1
DA:610,24
DA:611,1
DA:612,1
DA:613,1
DA:614,12
DA:615,11
DA:616,1
DA:617,1
DA:618,1
DA:619,1
DA:620,24
DA:621,24
DA:622,1
DA:623,1
DA:624,1
DA:625,1
DA:626,1
DA:627,1
DA:628,24
DA:629,9
DA:630,9
DA:631,24
DA:632,24
DA:633,24
DA:634,24
DA:635,24
DA:636,1
DA:637,24
DA:638,24
DA:639,1
DA:640,1
DA:641,1
DA:642,1
DA:643,24
DA:644,8
DA:645,8
DA:646,8
DA:647,24
DA:648,8
DA:649,24
DA:650,1
DA:651,1
DA:652,24
DA:653,7
DA:654,1
DA:655,1
DA:656,7
DA:657,1
DA:658,1
DA:659,1
DA:660,1
DA:661,1
DA:662,1
DA:663,1
DA:664,1
DA:665,1
DA:666,24
DA:667,6
DA:668,6
DA:669,24
DA:670,24
DA:671,24
DA:672,24
DA:673,24
DA:674,24
DA:675,24
DA:676,24
DA:677,24
DA:678,24
DA:679,5
DA:680,0
DA:681,0
DA:682,0
DA:683,5
DA:684,5
DA:685,6
DA:686,6
DA:687,6
DA:688,6
DA:689,6
DA:690,6
DA:691,6
DA:692,6
DA:693,6
DA:694,6
DA:695,2
DA:696,2
DA:697,6
DA:698,2
DA:699,2
DA:700,2
DA:701,2
DA:702,2
DA:703,2
DA:704,2
DA:705,2
DA:706,2
DA:707,2
DA:708,5
DA:709,5
DA:710,5
DA:711,4
DA:712,4
DA:713,4
DA:714,4
DA:715,4
DA:716,4
DA:717,4
DA:718,4
DA:719,1
DA:720,1
DA:721,1
DA:722,4
DA:723,2
DA:724,2
DA:725,4
DA:726,1
DA:727,1
DA:728,1
DA:729,1
DA:730,1
DA:731,1
DA:732,1
DA:733,4
DA:734,4
DA:735,4
DA:736,4
DA:737,4
DA:738,4
DA:739,1
DA:740,4
DA:741,4
DA:742,4
DA:743,4
DA:744,4
DA:745,4
DA:746,4
DA:747,4
DA:748,4
DA:749,4
DA:750,4
DA:751,4
DA:752,4
DA:753,4
DA:754,4
DA:755,4
DA:756,4
DA:757,4
DA:758,4
DA:759,4
DA:760,4
DA:761,4
DA:762,1
DA:763,1
DA:764,1
DA:765,1
DA:766,1
DA:767,1
DA:768,1
DA:769,1
DA:770,5
DA:771,1
DA:772,1
DA:773,5
DA:774,1
DA:775,1
DA:776,1
DA:777,1
DA:778,1
DA:779,1
DA:780,1
DA:781,1
DA:782,1
DA:783,1
DA:784,1
DA:785,1
DA:786,1
DA:787,5
DA:788,5
DA:789,5
DA:790,5
DA:791,5
DA:792,5
DA:793,5
DA:794,5
DA:795,5
DA:796,5
DA:797,5
DA:798,5
DA:799,5
DA:800,5
DA:801,5
DA:802,0
DA:803,0
DA:804,0
DA:805,0
DA:806,0
DA:807,0
DA:808,0
DA:809,5
DA:810,6
DA:811,6
DA:812,6
DA:813,6
DA:814,6
DA:815,6
DA:816,6
DA:817,1
DA:818,1
DA:819,6
DA:820,5
DA:821,6
DA:822,6
DA:823,1
DA:824,1
DA:825,1
DA:826,4
DA:827,4
DA:828,4
DA:829,4
DA:830,4
DA:831,4
DA:832,6
DA:833,2
DA:834,2
DA:835,2
DA:836,2
DA:837,2
DA:838,2
DA:839,2
DA:840,2
DA:841,2
DA:842,2
DA:843,2
DA:844,2
DA:845,2
DA:846,2
DA:847,2
DA:848,2
DA:849,2
DA:850,2
DA:851,2
DA:852,2
DA:853,2
DA:854,2
DA:855,2
DA:856,2
DA:857,2
DA:858,2
DA:859,2
DA:860,1
DA:861,1
DA:862,1
DA:863,1
DA:864,1
DA:865,2
DA:866,2
DA:867,2
DA:868,2
DA:869,6
DA:870,0
DA:871,6
DA:872,2
DA:873,2
DA:874,2
DA:875,2
DA:876,2
DA:877,2
DA:878,2
DA:879,6
DA:880,6
DA:881,1
DA:882,1
DA:883,1
DA:884,1
DA:885,1
DA:886,1
DA:887,1
DA:888,1
DA:889,1
DA:890,1
DA:891,1
DA:892,1
DA:893,1
DA:894,1
DA:895,1
DA:896,5
DA:897,5
DA:898,13
DA:899,13
DA:900,13
DA:901,13
DA:902,1
DA:903,1
DA:904,1
DA:905,1
DA:906,1
DA:907,5
DA:908,9
DA:909,9
DA:910,9
DA:911,9
DA:912,6
DA:913,9
DA:914,12
DA:915,12
DA:916,12
DA:917,12
DA:918,12
DA:919,9
DA:920,5
DA:921,9
DA:922,9
DA:923,9
DA:924,9
DA:925,9
DA:926,9
DA:927,9
DA:928,9
DA:929,9
DA:930,9
DA:931,9
DA:932,9
DA:933,5
DA:934,3
DA:935,3
DA:936,3
DA:937,3
DA:938,3
DA:939,3
DA:940,3
DA:941,2
DA:942,2
DA:943,2
DA:944,2
DA:945,2
DA:946,2
DA:947,2
DA:948,2
DA:949,2
DA:950,2
DA:951,3
DA:952,2
DA:953,2
DA:954,2
DA:955,2
DA:956,2
DA:957,3
DA:958,2
DA:959,5
DA:960,5
DA:961,5
DA:962,5
DA:963,5
DA:964,5
DA:965,5
DA:966,5
DA:967,5
DA:968,5
DA:969,5
DA:970,5
DA:971,5
DA:972,5
DA:973,5
DA:974,1
DA:975,1
DA:976,5
DA:977,4
DA:978,4
DA:979,5
DA:980,5
DA:981,5
DA:982,2
DA:983,2
DA:984,5
DA:985,1
DA:986,3
DA:987,2
DA:988,1
DA:989,1
DA:990,1
DA:991,1
DA:992,1
DA:993,1
DA:994,1
DA:995,5
DA:996,5
DA:997,5
DA:998,9
DA:999,9
DA:1000,9
DA:1001,9
DA:1002,9
DA:1003,5
DA:1004,12
DA:1005,12
DA:1006,3
DA:1007,3
DA:1008,3
DA:1009,2
DA:1010,2
DA:1011,2
DA:1012,2
DA:1013,2
DA:1014,1
DA:1015,1
DA:1016,1
DA:1017,1
DA:1018,1
DA:1019,1
DA:1020,2
DA:1021,2
DA:1022,3
DA:1023,3
DA:1024,3
DA:1025,4
DA:1026,3
DA:1027,3
DA:1028,1
DA:1029,1
DA:1030,1
DA:1031,1
DA:1032,1
DA:1033,1
DA:1034,12
DA:1035,11
DA:1036,11
DA:1037,11
DA:1038,11
DA:1039,11
DA:1040,11
DA:1041,12
DA:1042,2
DA:1043,2
DA:1044,2
DA:1045,2
DA:1046,1
DA:1047,1
DA:1048,1
DA:1049,1
DA:1050,1
DA:1051,1
DA:1052,12
DA:1053,9
DA:1054,9
DA:1055,12
DA:1056,1
DA:1057,1
DA:1058,12
DA:1059,1
DA:1060,1
DA:1061,1
DA:1062,1
DA:1063,1
DA:1064,1
DA:1065,1
DA:1066,1
DA:1067,1
DA:1068,0
DA:1069,0
DA:1070,0
DA:1071,0
DA:1072,0
DA:1073,0
DA:1074,12
DA:1075,3
DA:1076,3
DA:1077,3
DA:1078,3
DA:1079,3
DA:1080,3
DA:1081,12
DA:1082,5
DA:1083,12
DA:1084,1
DA:1085,12
DA:1086,4
DA:1087,4
DA:1088,4
DA:1089,4
DA:1090,12
DA:1091,5
DA:1092,5
DA:1093,5
DA:1094,1
DA:1095,1
DA:1096,5
DA:1097,4
DA:1098,4
DA:1099,12
DA:1100,3
DA:1101,3
DA:1102,3
DA:1103,3
DA:1104,3
DA:1105,3
DA:1106,3
DA:1107,3
DA:1108,3
DA:1109,3
DA:1110,3
DA:1111,3
DA:1112,3
DA:1113,5
DA:1114,2
DA:1115,2
DA:1116,2
DA:1117,2
DA:1118,2
DA:1119,2
DA:1120,2
DA:1121,2
DA:1122,2
DA:1123,2
DA:1124,2
DA:1125,2
DA:1126,2
DA:1127,2
DA:1128,2
DA:1129,2
DA:1130,2
DA:1131,2
DA:1132,2
DA:1133,2
DA:1134,2
DA:1135,2
DA:1136,2
DA:1137,2
DA:1138,2
DA:1139,0
DA:1140,0
DA:1141,0
DA:1142,0
DA:1143,0
DA:1144,0
DA:1145,0
DA:1146,0
DA:1147,2
DA:1148,1
DA:1149,1
DA:1150,1
DA:1151,1
DA:1152,1
DA:1153,1
DA:1154,1
DA:1155,1
DA:1156,1
DA:1157,1
DA:1158,5
DA:1159,6
DA:1160,6
DA:1161,6
DA:1162,6
DA:1163,6
DA:1164,6
DA:1165,6
DA:1166,6
DA:1167,6
DA:1168,6
DA:1169,6
DA:1170,6
DA:1171,6
DA:1172,5
DA:1173,6
DA:1174,6
DA:1175,1
DA:1176,1
DA:1177,1
DA:1178,1
DA:1179,1
DA:1180,1
DA:1181,1
DA:1182,6
DA:1183,6
DA:1184,1
DA:1185,6
DA:1186,1
DA:1187,1
DA:1188,1
DA:1189,1
DA:1190,1
DA:1191,1
DA:1192,1
DA:1193,1
DA:1194,1
DA:1195,1
DA:1196,1
DA:1197,1
DA:1198,1
DA:1199,1
DA:1200,1
DA:1201,6
DA:1202,6
DA:1203,6
DA:1204,1
DA:1205,1
DA:1206,1
DA:1207,1
DA:1208,1
DA:1209,1
DA:1210,1
DA:1211,1
DA:1212,1
DA:1213,1
DA:1214,1
DA:1215,1
DA:1216,1
DA:1217,1
DA:1218,1
DA:1219,1
DA:1220,6
DA:1221,6
DA:1222,1
DA:1223,1
DA:1224,1
DA:1225,1
DA:1226,1
DA:1227,1
DA:1228,1
DA:1229,6
DA:1230,2
DA:1231,6
DA:1232,0
DA:1233,0
DA:1234,0
DA:1235,0
DA:1236,0
DA:1237,0
DA:1238,0
DA:1239,6
DA:1240,2
DA:1241,2
DA:1242,6
DA:1243,1
DA:1244,1
DA:1245,1
DA:1246,1
DA:1247,1
DA:1248,1
DA:1249,1
DA:1250,1
DA:1251,1
DA:1252,1
DA:1253,1
DA:1254,1
DA:1255,1
DA:1256,1
DA:1257,1
DA:1258,1
DA:1259,1
DA:1260,1
DA:1261,1
DA:1262,1
DA:1263,1
DA:1264,1
DA:1265,1
DA:1266,1
DA:1267,1
DA:1268,1
DA:1269,1
DA:1270,1
DA:1271,1
DA:1272,1
DA:1273,1
DA:1274,1
DA:1275,1
DA:1276,1
DA:1277,1
DA:1278,1
DA:1279,6
DA:1280,6
DA:1281,6
DA:1282,0
DA:1283,0
DA:1284,0
DA:1285,0
DA:1286,0
DA:1287,0
DA:1288,0
DA:1289,0
DA:1290,0
DA:1291,0
DA:1292,0
DA:1293,0
DA:1294,0
LF:1294
LH:1159
BRDA:1,0,0,5
BRDA:1,1,0,5
BRDA:4,2,0,5
BRDA:5,3,0,75
BRDA:7,4,0,2
BRDA:8,5,0,30
BRDA:10,6,0,34
BRDA:13,7,0,12
BRDA:14,8,0,2
BRDA:18,9,0,3
BRDA:20,10,0,1
BRDA:24,11,0,1
BRDA:26,12,0,6
BRDA:27,13,0,4
BRDA:74,14,0,25
BRDA:77,15,0,5
BRDA:77,16,0,20
BRDA:93,17,0,5
BRDA:95,18,0,0
BRDA:97,19,0,0
BRDA:99,20,0,0
BRDA:106,21,0,0
BRDA:154,22,0,2
BRDA:161,23,0,1
BRDA:166,24,0,0
BRDA:156,25,0,1
BRDA:182,26,0,8
BRDA:182,27,0,6
BRDA:184,28,0,2
BRDA:185,29,0,1
BRDA:188,30,0,1
BRDA:194,31,0,0
BRDA:201,32,0,1
BRDA:205,33,0,0
BRDA:205,34,0,6
BRDA:210,35,0,5
BRDA:210,36,0,1
BRDA:224,37,0,4
BRDA:232,38,0,0
BRDA:237,39,0,1
BRDA:259,40,0,2
BRDA:269,41,0,0
BRDA:283,42,0,1
BRDA:306,43,0,40
BRDA:311,44,0,1
BRDA:312,45,0,39
BRDA:315,46,0,1
BRDA:316,47,0,38
BRDA:326,48,0,3
BRDA:328,49,0,35
BRDA:334,50,0,2
BRDA:335,51,0,33
BRDA:348,52,0,1
BRDA:350,53,0,32
BRDA:356,54,0,0
BRDA:358,55,0,32
BRDA:365,56,0,2
BRDA:366,57,0,30
BRDA:377,58,0,1
BRDA:378,59,0,29
BRDA:381,60,0,1
BRDA:382,61,0,28
BRDA:386,62,0,1
BRDA:386,63,0,27
BRDA:390,64,0,1
BRDA:391,65,0,26
BRDA:394,66,0,2
BRDA:395,67,0,24
BRDA:396,68,0,1
BRDA:396,69,0,23
BRDA:403,70,0,0
BRDA:403,71,0,23
BRDA:410,72,0,1
BRDA:413,73,0,22
BRDA:417,74,0,1
BRDA:419,75,0,21
BRDA:429,76,0,1
BRDA:429,77,0,20
BRDA:432,78,0,3
BRDA:433,79,0,2
BRDA:438,80,0,1
BRDA:438,81,0,20
BRDA:438,82,0,1
BRDA:441,83,0,1
BRDA:444,84,0,2
BRDA:445,85,0,1
BRDA:446,86,0,2
BRDA:448,87,0,1
BRDA:448,88,0,1
BRDA:451,89,0,1
BRDA:451,90,0,2
BRDA:452,91,0,1
BRDA:455,92,0,1
BRDA:455,93,0,2
BRDA:456,94,0,1
BRDA:456,95,0,1
BRDA:460,96,0,1
BRDA:461,97,0,1
BRDA:462,98,0,0
BRDA:463,99,0,0
BRDA:463,100,0,0
BRDA:463,101,0,0
BRDA:463,102,0,0
BRDA:464,103,0,0
BRDA:464,104,0,0
BRDA:466,105,0,0
BRDA:466,106,0,0
BRDA:466,107,0,0
BRDA:466,108,0,1
BRDA:468,109,0,1
BRDA:470,110,0,1
BRDA:471,111,0,1
BRDA:471,112,0,1
BRDA:471,113,0,1
BRDA:472,114,0,1
BRDA:472,115,0,1
BRDA:473,116,0,1
BRDA:473,117,0,3
BRDA:473,118,0,3
BRDA:313,119,0,42
BRDA:325,120,0,59
BRDA:333,121,0,41
BRDA:346,122,0,44
BRDA:347,123,0,40
BRDA:355,124,0,34
BRDA:363,125,0,38
BRDA:376,126,0,161
BRDA:377,127,0,41
BRDA:379,128,0,36
BRDA:385,129,0,31
BRDA:389,130,0,30
BRDA:393,131,0,28
BRDA:396,132,0,25
BRDA:403,133,0,30
BRDA:410,134,0,122
BRDA:410,135,0,30
BRDA:415,136,0,26
BRDA:427,137,0,32
BRDA:437,138,0,1
BRDA:476,139,0,24
BRDA:489,140,0,0
BRDA:499,141,0,1
BRDA:506,142,0,1
BRDA:509,143,0,23
BRDA:509,144,0,1
BRDA:518,145,0,22
BRDA:519,146,0,1
BRDA:522,147,0,21
BRDA:525,148,0,1
BRDA:528,149,0,20
BRDA:534,150,0,15
BRDA:546,151,0,0
BRDA:546,152,0,1
BRDA:554,153,0,14
BRDA:558,154,0,1
BRDA:564,155,0,5
BRDA:570,156,0,1
BRDA:574,157,0,4
BRDA:578,158,0,1
BRDA:582,159,0,3
BRDA:586,160,0,1
BRDA:590,161,0,15
BRDA:590,162,0,0
BRDA:595,163,0,15
BRDA:596,164,0,1
BRDA:603,165,0,14
BRDA:604,166,0,1
BRDA:606,167,0,13
BRDA:607,168,0,1
BRDA:610,169,0,12
BRDA:610,170,0,1
BRDA:614,171,0,11
BRDA:615,172,0,1
BRDA:620,173,0,10
BRDA:621,174,0,9
BRDA:621,175,0,1
BRDA:628,176,0,9
BRDA:631,177,0,0
BRDA:633,178,0,0
BRDA:634,179,0,1
BRDA:635,180,0,9
BRDA:635,181,0,1
BRDA:637,182,0,0
BRDA:638,183,0,1
BRDA:643,184,0,8
BRDA:647,185,0,8
BRDA:649,186,0,1
BRDA:652,187,0,7
BRDA:653,188,0,1
BRDA:656,189,0,1
BRDA:666,190,0,6
BRDA:669,191,0,0
BRDA:670,192,0,6
BRDA:684,193,0,6
BRDA:693,194,0,2
BRDA:694,195,0,2
BRDA:697,196,0,2
BRDA:708,197,0,5
BRDA:710,198,0,4
BRDA:718,199,0,3
BRDA:718,200,0,2
BRDA:718,201,0,1
BRDA:722,202,0,2
BRDA:725,203,0,1
BRDA:733,204,0,0
BRDA:737,205,0,0
BRDA:738,206,0,1
BRDA:761,207,0,1
BRDA:770,208,0,1
BRDA:773,209,0,0
BRDA:773,210,0,1
BRDA:801,211,0,0
BRDA:809,212,0,6
BRDA:816,213,0,1
BRDA:819,214,0,5
BRDA:822,215,0,1
BRDA:826,216,0,4
BRDA:832,217,0,2
BRDA:859,218,0,1
BRDA:869,219,0,0
BRDA:871,220,0,2
BRDA:880,221,0,1
BRDA:897,222,0,13
BRDA:901,223,0,12
BRDA:902,224,0,1
BRDA:907,225,0,9
BRDA:910,226,0,3
BRDA:911,227,0,6
BRDA:913,228,0,12
BRDA:916,229,0,6
BRDA:919,230,0,6
BRDA:920,231,0,9
BRDA:924,232,0,8
BRDA:924,233,0,3
BRDA:929,234,0,1
BRDA:930,235,0,1
BRDA:933,236,0,6
BRDA:933,237,0,3
BRDA:933,238,0,3
BRDA:939,239,0,2
BRDA:940,240,0,2
BRDA:951,241,0,2
BRDA:957,242,0,2
BRDA:959,243,0,1
BRDA:959,244,0,5
BRDA:974,245,0,1
BRDA:976,246,0,4
BRDA:981,247,0,2
BRDA:984,248,0,3
BRDA:984,249,0,1
BRDA:986,250,0,2
BRDA:987,251,0,1
BRDA:996,252,0,4
BRDA:997,253,0,9
BRDA:1003,254,0,12
BRDA:1005,255,0,3
BRDA:1008,256,0,2
BRDA:1027,257,0,1
BRDA:1034,258,0,11
BRDA:1041,259,0,2
BRDA:1045,260,0,1
BRDA:1052,261,0,9
BRDA:1055,262,0,1
BRDA:1055,263,0,1
BRDA:1058,264,0,1
BRDA:1067,265,0,0
BRDA:1074,266,0,8
BRDA:1074,267,0,3
BRDA:1081,268,0,5
BRDA:1083,269,0,1
BRDA:1085,270,0,4
BRDA:1090,271,0,5
BRDA:1093,272,0,1
BRDA:1096,273,0,4
BRDA:1099,274,0,3
BRDA:1013,275,0,1
BRDA:1021,276,0,3
BRDA:1024,277,0,4
BRDA:1040,278,0,2
BRDA:1113,279,0,2
BRDA:1126,280,0,1
BRDA:1126,281,0,1
BRDA:1137,282,0,1
BRDA:1138,283,0,0
BRDA:1147,284,0,1
BRDA:1158,285,0,6
BRDA:1171,286,0,5
BRDA:1173,287,0,5
BRDA:1174,288,0,1
BRDA:1182,289,0,5
BRDA:1183,290,0,1
BRDA:1185,291,0,1
BRDA:1201,292,0,4
BRDA:1202,293,0,3
BRDA:1203,294,0,1
BRDA:1220,295,0,3
BRDA:1221,296,0,1
BRDA:1229,297,0,2
BRDA:1231,298,0,0
BRDA:1239,299,0,2
BRDA:1242,300,0,1
BRDA:1248,301,0,0
BRDA:1279,302,0,0
BRDA:1280,303,0,0
BRDA:1281,304,0,0
BRF:305
BRH:265
end_of_record
